---------------------------------------------------------------
[ 2020-04-11T15:48:07+08:00 ] 192.168.1.165 GET 192.168.1.165/WWW/demo/index.html
[运行时间：0.081841s] [吞吐率：12.22req/s] [内存消耗：1,908.47kb] [文件加载：50]
[ info ] [ LANG ] D:\phpstudy\WWW\ublcrm_zmyz\thinkphp\lang\zh-cn.php
[ info ] [ LANG ] D:\phpstudy\WWW\ublcrm_zmyz/app/lang\zh-cn.php
[ info ] [ ROUTE ] array (
  'type' => 'module',
  'module' => 
  array (
    0 => 'WWW',
    1 => 'demo',
    2 => 'index',
  ),
)
[ info ] [ HEADER ] array (
  'accept-language' => 'zh-CN,zh;q=0.9',
  'accept-encoding' => 'gzip, deflate',
  'accept' => 'text/html,application/xhtml+xml,application/xml;q=0.9,image/webp,image/apng,*/*;q=0.8,application/signed-exchange;v=b3;q=0.9',
  'user-agent' => 'Mozilla/5.0 (Windows NT 10.0; WOW64) AppleWebKit/537.36 (KHTML, like Gecko) Chrome/80.0.3987.100 Safari/537.36',
  'upgrade-insecure-requests' => '1',
  'connection' => 'close',
  'host' => '192.168.1.165',
)
[ info ] [ PARAM ] array (
)
[ info ] [ LOG ] INIT File
---------------------------------------------------------------
[ 2020-04-11T16:19:17+08:00 ] 0.0.0.0 GET localhost/
[ info ] [ LANG ] D:\phpstudy\WWW\ublcrm_zmyz\thinkphp\lang\zh-cn.php
[ info ] [ LANG ] D:\phpstudy\WWW\ublcrm_zmyz/app/lang\zh-cn.php
[ info ] [ ROUTE ] array (
  'type' => 'module',
  'module' => 
  array (
    0 => 'admin',
    1 => 'Index',
    2 => 'index',
  ),
  'convert' => false,
)
[ info ] [ HEADER ] array (
  'cookie' => 'PHPSESSID=6rqorui5lbh2tkh008foi18604; thinkphp_show_page_trace=0|0; yf_logged_user=VmuB%3DmpSwlpbflQmG; Phpstorm-3c392d88=6c991831-9f6c-4d48-a978-7d0026ae3d18',
  'accept-language' => 'zh-CN,zh;q=0.9',
  'accept-encoding' => 'gzip, deflate, br',
  'sec-fetch-user' => '?1',
  'sec-fetch-mode' => 'navigate',
  'sec-fetch-site' => 'none',
  'accept' => 'text/html,application/xhtml+xml,application/xml;q=0.9,image/webp,image/apng,*/*;q=0.8,application/signed-exchange;v=b3;q=0.9',
  'sec-fetch-dest' => 'document',
  'user-agent' => 'Mozilla/5.0 (Windows NT 10.0; WOW64) AppleWebKit/537.36 (KHTML, like Gecko) Chrome/80.0.3987.100 Safari/537.36',
  'upgrade-insecure-requests' => '1',
  'connection' => 'close',
  'host' => 'localhost',
)
[ info ] [ PARAM ] array (
)
[ info ] [ BEHAVIOR ] Run app\common\behavior\WebLog @module_init [ RunTime:0.000678s ]
[ info ] [ DB ] INIT mysql
[ info ] [ SESSION ] INIT array (
  'id' => '',
  'var_session_id' => '',
  'prefix' => 'think',
  'type' => '',
  'auto_start' => true,
)
[ info ] [ CACHE ] INIT File
[ info ] [ BEHAVIOR ] Run Closure @action_begin [ RunTime:0.002724s ]
[ info ] [ RUN ] app\admin\controller\Index->index[ D:\phpstudy\WWW\ublcrm_zmyz\app\admin\controller\Index.php ]
[ info ] [ VIEW ] D:\phpstudy\WWW\ublcrm_zmyz/app/admin\view\index\index.html [ array (
  0 => 'lang',
  1 => 'menus',
  2 => 'menus_curr',
  3 => 'menus_child',
  4 => 'id_curr',
  5 => 'admin_avatar',
  6 => 'news_list',
  7 => 'news_count',
  8 => 'members_count',
  9 => 'sugs_count',
  10 => 'coms_count',
  11 => 'tonews_count',
  12 => 'ztnews_count',
  13 => 'difday',
  14 => 'tomembers_count',
  15 => 'ztmembers_count',
  16 => 'difday_m',
  17 => 'tosugs_count',
  18 => 'ztsugs_count',
  19 => 'difday_s',
  20 => 'tocoms_count',
  21 => 'ztcoms_count',
  22 => 'difday_c',
) ]
[ info ] [ VIEW ] D:\phpstudy\WWW\ublcrm_zmyz\addons\maintain\maintain.html [ array (
  0 => 'danger_mode_debug',
  1 => 'weak_setting_db_password',
  2 => 'weak_setting_admin_last_change_password',
  3 => 'system_safe',
  4 => 'system_pageshow',
  5 => 'log_size',
  6 => 'log_file_cnt',
) ]
[ info ] [ BEHAVIOR ] Run \addons\maintain\Maintain @maintain [ RunTime:0.008079s ]
[ sql ] [ DB ] CONNECT:[ UseTime:0.064502s ] mysql:host=127.0.0.1;port=3306;dbname=ublcrm;charset=utf8
[ sql ] [ SQL ] SHOW COLUMNS FROM `ubl_auth_rule` [ RunTime:0.052717s ]
[ sql ] [ SQL ] SELECT `id`,`pid` FROM `ubl_auth_rule` ORDER BY `level` DESC,`sort` [ RunTime:0.007017s ]
[ sql ] [ SQL ] SELECT `pid` FROM `ubl_auth_rule` WHERE  `id` = -1 LIMIT 1 [ RunTime:0.003724s ]
[ sql ] [ SQL ] SELECT * FROM `ubl_auth_rule` WHERE  `status` = 1  AND `pid` IS NULL ORDER BY `sort` [ RunTime:0.001035s ]
[ sql ] [ SQL ] SHOW COLUMNS FROM `ubl_news` [ RunTime:0.005940s ]
[ sql ] [ SQL ] SELECT * FROM `ubl_news` WHERE  `news_l` = 'zh-cn' ORDER BY `news_hits` DESC LIMIT 0,10 [ RunTime:0.003581s ]
[ sql ] [ SQL ] SELECT COUNT(*) AS tp_count FROM `ubl_news` LIMIT 1 [ RunTime:0.002504s ]
[ sql ] [ SQL ] SHOW COLUMNS FROM `ubl_member_list` [ RunTime:0.002319s ]
[ sql ] [ SQL ] SELECT COUNT(*) AS tp_count FROM `ubl_member_list` LIMIT 1 [ RunTime:0.000489s ]
[ sql ] [ SQL ] SHOW COLUMNS FROM `ubl_plug_sug` [ RunTime:0.001766s ]
[ sql ] [ SQL ] SELECT COUNT(*) AS tp_count FROM `ubl_plug_sug` LIMIT 1 [ RunTime:0.000379s ]
[ sql ] [ SQL ] SHOW COLUMNS FROM `ubl_comments` [ RunTime:0.001829s ]
[ sql ] [ SQL ] SELECT COUNT(*) AS tp_count FROM `ubl_comments` LIMIT 1 [ RunTime:0.000297s ]
[ sql ] [ SQL ] SELECT COUNT(*) AS tp_count FROM `ubl_news` WHERE  `news_time` BETWEEN 1586534400 AND 1586620799 LIMIT 1 [ RunTime:0.000990s ]
[ sql ] [ SQL ] SELECT COUNT(*) AS tp_count FROM `ubl_news` WHERE  `news_time` BETWEEN 1586448000 AND 1586534399 LIMIT 1 [ RunTime:0.000313s ]
[ sql ] [ SQL ] SELECT COUNT(*) AS tp_count FROM `ubl_member_list` WHERE  `member_list_addtime` BETWEEN 1586534400 AND 1586620799 LIMIT 1 [ RunTime:0.000653s ]
[ sql ] [ SQL ] SELECT COUNT(*) AS tp_count FROM `ubl_member_list` WHERE  `member_list_addtime` BETWEEN 1586448000 AND 1586534399 LIMIT 1 [ RunTime:0.000289s ]
[ sql ] [ SQL ] SELECT COUNT(*) AS tp_count FROM `ubl_plug_sug` WHERE  `plug_sug_addtime` BETWEEN 1586534400 AND 1586620799 LIMIT 1 [ RunTime:0.000245s ]
[ sql ] [ SQL ] SELECT COUNT(*) AS tp_count FROM `ubl_plug_sug` WHERE  `plug_sug_addtime` BETWEEN 1586448000 AND 1586534399 LIMIT 1 [ RunTime:0.000230s ]
[ sql ] [ SQL ] SELECT COUNT(*) AS tp_count FROM `ubl_comments` WHERE  `createtime` BETWEEN 1586534400 AND 1586620799 LIMIT 1 [ RunTime:0.000239s ]
[ sql ] [ SQL ] SELECT COUNT(*) AS tp_count FROM `ubl_comments` WHERE  `createtime` BETWEEN 1586448000 AND 1586534399 LIMIT 1 [ RunTime:0.000264s ]
[ log ] Cron:clearlog Runat 2020-04-11 16:19:17 Use 0.000490 s

---------------------------------------------------------------
[ 2020-04-11T16:19:17+08:00 ] 0.0.0.0 GET localhost/
[运行时间：0.269802s] [吞吐率：3.71req/s] [内存消耗：4,702.05kb] [文件加载：81]
[ info ] [ BEHAVIOR ] Run app\admin\behavior\Cron @app_end [ RunTime:0.004879s ]
---------------------------------------------------------------
[ 2020-04-11T16:19:22+08:00 ] 0.0.0.0 GET localhost/admin/sys/sys.html
[运行时间：0.102418s] [吞吐率：9.76req/s] [内存消耗：4,851.45kb] [文件加载：76]
[ info ] [ LANG ] D:\phpstudy\WWW\ublcrm_zmyz\thinkphp\lang\zh-cn.php
[ info ] [ LANG ] D:\phpstudy\WWW\ublcrm_zmyz/app/lang\zh-cn.php
[ info ] [ ROUTE ] array (
  'type' => 'module',
  'module' => 
  array (
    0 => 'admin',
    1 => 'sys',
    2 => 'sys',
  ),
)
[ info ] [ HEADER ] array (
  'cookie' => 'thinkphp_show_page_trace=0|0; PHPSESSID=6rqorui5lbh2tkh008foi18604; thinkphp_show_page_trace=0|0; yf_logged_user=VmuB%3DmpSwlpbflQmG; Phpstorm-3c392d88=6c991831-9f6c-4d48-a978-7d0026ae3d18',
  'accept-language' => 'zh-CN,zh;q=0.9',
  'accept-encoding' => 'gzip, deflate, br',
  'referer' => 'http://localhost/',
  'sec-fetch-user' => '?1',
  'sec-fetch-mode' => 'navigate',
  'sec-fetch-site' => 'same-origin',
  'accept' => 'text/html,application/xhtml+xml,application/xml;q=0.9,image/webp,image/apng,*/*;q=0.8,application/signed-exchange;v=b3;q=0.9',
  'sec-fetch-dest' => 'document',
  'user-agent' => 'Mozilla/5.0 (Windows NT 10.0; WOW64) AppleWebKit/537.36 (KHTML, like Gecko) Chrome/80.0.3987.100 Safari/537.36',
  'upgrade-insecure-requests' => '1',
  'connection' => 'close',
  'host' => 'localhost',
)
[ info ] [ PARAM ] array (
)
[ info ] [ BEHAVIOR ] Run app\common\behavior\WebLog @module_init [ RunTime:0.000292s ]
[ info ] [ DB ] INIT mysql
[ info ] [ SESSION ] INIT array (
  'id' => '',
  'var_session_id' => '',
  'prefix' => 'think',
  'type' => '',
  'auto_start' => true,
)
[ info ] [ CACHE ] INIT File
[ info ] [ BEHAVIOR ] Run Closure @action_begin [ RunTime:0.001696s ]
[ info ] [ RUN ] app\admin\controller\Sys->sys[ D:\phpstudy\WWW\ublcrm_zmyz\app\admin\controller\Sys.php ]
[ info ] [ VIEW ] D:\phpstudy\WWW\ublcrm_zmyz/app/admin\view\sys\sys.html [ array (
  0 => 'lang',
  1 => 'menus',
  2 => 'menus_curr',
  3 => 'menus_child',
  4 => 'id_curr',
  5 => 'admin_avatar',
  6 => 'templates',
  7 => 'map_lat',
  8 => 'map_lng',
  9 => 'sys',
) ]
[ info ] [ BEHAVIOR ] Run app\admin\behavior\Cron @app_end [ RunTime:0.001537s ]
[ info ] [ LOG ] INIT File
[ sql ] [ DB ] CONNECT:[ UseTime:0.015025s ] mysql:host=127.0.0.1;port=3306;dbname=ublcrm;charset=utf8
[ sql ] [ SQL ] SHOW COLUMNS FROM `ubl_auth_rule` [ RunTime:0.004994s ]
[ sql ] [ SQL ] SELECT `id` FROM `ubl_auth_rule` WHERE  `name` = 'admin/Sys/sys' ORDER BY `level` DESC,`sort` LIMIT 1 [ RunTime:0.001255s ]
[ sql ] [ SQL ] SELECT `id`,`pid` FROM `ubl_auth_rule` ORDER BY `level` DESC,`sort` [ RunTime:0.000715s ]
[ sql ] [ SQL ] SELECT `id` FROM `ubl_auth_rule` WHERE  `name` = 'admin/Sys/sys'  AND `status` = 1 ORDER BY `level` DESC,`sort` LIMIT 1 [ RunTime:0.000428s ]
[ sql ] [ SQL ] SELECT `pid` FROM `ubl_auth_rule` WHERE  `id` = 6 LIMIT 1 [ RunTime:0.000331s ]
[ sql ] [ SQL ] SELECT * FROM `ubl_auth_rule` WHERE  `status` = 1  AND `pid` = 2 ORDER BY `sort` [ RunTime:0.001297s ]
