---------------------------------------------------------------
[ 2020-04-14T09:20:47+08:00 ] 192.168.1.193 GET 192.168.1.165/
[ info ] [ LANG ] D:\phpstudy\WWW\ublcrm_zmyz\thinkphp\lang\zh-cn.php
[ info ] [ LANG ] D:\phpstudy\WWW\ublcrm_zmyz/app/lang\zh-cn.php
[ info ] [ ROUTE ] array (
  'type' => 'module',
  'module' => 
  array (
    0 => 'admin',
    1 => 'Index',
    2 => 'index',
  ),
  'convert' => false,
)
[ info ] [ HEADER ] array (
  'accept-language' => 'zh-CN,zh;q=0.9,en-US;q=0.8,en;q=0.7,zh-TW;q=0.6',
  'accept-encoding' => 'gzip, deflate',
  'accept' => 'text/html,application/xhtml+xml,application/xml;q=0.9,image/webp,image/apng,*/*;q=0.8,application/signed-exchange;v=b3;q=0.9',
  'user-agent' => 'Mozilla/5.0 (Windows NT 10.0; Win64; x64) AppleWebKit/537.36 (KHTML, like Gecko) Chrome/80.0.3987.149 Safari/537.36',
  'upgrade-insecure-requests' => '1',
  'connection' => 'close',
  'host' => '192.168.1.165',
)
[ info ] [ PARAM ] array (
)
[ info ] [ BEHAVIOR ] Run app\common\behavior\WebLog @module_init [ RunTime:0.001368s ]
[ info ] [ DB ] INIT mysql
[ info ] [ SESSION ] INIT array (
  'id' => '',
  'var_session_id' => '',
  'prefix' => 'think',
  'type' => '',
  'auto_start' => true,
)
[ log ] Cron:clearlog Runat 2020-04-14 09:20:47 Use 0.000572 s

---------------------------------------------------------------
[ 2020-04-14T09:20:47+08:00 ] 192.168.1.193 GET 192.168.1.165/
[运行时间：0.088229s] [吞吐率：11.33req/s] [内存消耗：3,211.46kb] [文件加载：69]
[ info ] [ BEHAVIOR ] Run app\admin\behavior\Cron @app_end [ RunTime:0.007352s ]
---------------------------------------------------------------
[ 2020-04-14T09:20:47+08:00 ] 192.168.1.193 GET 192.168.1.165/admin/login/login.html
[运行时间：0.049630s] [吞吐率：20.15req/s] [内存消耗：3,339.01kb] [文件加载：74]
[ info ] [ LANG ] D:\phpstudy\WWW\ublcrm_zmyz\thinkphp\lang\zh-cn.php
[ info ] [ LANG ] D:\phpstudy\WWW\ublcrm_zmyz/app/lang\zh-cn.php
[ info ] [ ROUTE ] array (
  'type' => 'module',
  'module' => 
  array (
    0 => 'admin',
    1 => 'login',
    2 => 'login',
  ),
)
[ info ] [ HEADER ] array (
  'cookie' => 'PHPSESSID=7run0dj1e4dt1es63sncllred5',
  'accept-language' => 'zh-CN,zh;q=0.9,en-US;q=0.8,en;q=0.7,zh-TW;q=0.6',
  'accept-encoding' => 'gzip, deflate',
  'accept' => 'text/html,application/xhtml+xml,application/xml;q=0.9,image/webp,image/apng,*/*;q=0.8,application/signed-exchange;v=b3;q=0.9',
  'user-agent' => 'Mozilla/5.0 (Windows NT 10.0; Win64; x64) AppleWebKit/537.36 (KHTML, like Gecko) Chrome/80.0.3987.149 Safari/537.36',
  'upgrade-insecure-requests' => '1',
  'connection' => 'close',
  'host' => '192.168.1.165',
)
[ info ] [ PARAM ] array (
)
[ info ] [ BEHAVIOR ] Run app\common\behavior\WebLog @module_init [ RunTime:0.000346s ]
[ info ] [ CACHE ] INIT File
[ info ] [ BEHAVIOR ] Run Closure @action_begin [ RunTime:0.007719s ]
[ info ] [ RUN ] app\admin\controller\Login->login[ D:\phpstudy\WWW\ublcrm_zmyz\app\admin\controller\Login.php ]
[ info ] [ DB ] INIT mysql
[ info ] [ SESSION ] INIT array (
  'id' => '',
  'var_session_id' => '',
  'prefix' => 'think',
  'type' => '',
  'auto_start' => true,
)
[ info ] [ VIEW ] D:\phpstudy\WWW\ublcrm_zmyz/app/admin\view\login\login.html [ array (
  0 => 'lang',
) ]
[ info ] [ BEHAVIOR ] Run app\admin\behavior\Cron @app_end [ RunTime:0.001966s ]
[ info ] [ LOG ] INIT File
---------------------------------------------------------------
[ 2020-04-14T09:20:47+08:00 ] 192.168.1.193 GET 192.168.1.165/admin/login/verify.html
[运行时间：0.046760s] [吞吐率：21.39req/s] [内存消耗：3,289.30kb] [文件加载：72]
[ info ] [ LANG ] D:\phpstudy\WWW\ublcrm_zmyz\thinkphp\lang\zh-cn.php
[ info ] [ LANG ] D:\phpstudy\WWW\ublcrm_zmyz/app/lang\zh-cn.php
[ info ] [ ROUTE ] array (
  'type' => 'module',
  'module' => 
  array (
    0 => 'admin',
    1 => 'login',
    2 => 'verify',
  ),
)
[ info ] [ HEADER ] array (
  'cookie' => 'PHPSESSID=7run0dj1e4dt1es63sncllred5',
  'accept-language' => 'zh-CN,zh;q=0.9,en-US;q=0.8,en;q=0.7,zh-TW;q=0.6',
  'accept-encoding' => 'gzip, deflate',
  'referer' => 'http://192.168.1.165/admin/login/login.html',
  'accept' => 'image/webp,image/apng,image/*,*/*;q=0.8',
  'user-agent' => 'Mozilla/5.0 (Windows NT 10.0; Win64; x64) AppleWebKit/537.36 (KHTML, like Gecko) Chrome/80.0.3987.149 Safari/537.36',
  'connection' => 'close',
  'host' => '192.168.1.165',
)
[ info ] [ PARAM ] array (
)
[ info ] [ BEHAVIOR ] Run app\common\behavior\WebLog @module_init [ RunTime:0.000320s ]
[ info ] [ CACHE ] INIT File
[ info ] [ BEHAVIOR ] Run Closure @action_begin [ RunTime:0.002896s ]
[ info ] [ RUN ] app\admin\controller\Login->verify[ D:\phpstudy\WWW\ublcrm_zmyz\app\admin\controller\Login.php ]
[ info ] [ DB ] INIT mysql
[ info ] [ SESSION ] INIT array (
  'id' => '',
  'var_session_id' => '',
  'prefix' => 'think',
  'type' => '',
  'auto_start' => true,
)
[ info ] [ BEHAVIOR ] Run app\admin\behavior\Cron @app_end [ RunTime:0.001520s ]
[ info ] [ LOG ] INIT File
---------------------------------------------------------------
[ 2020-04-14T09:20:48+08:00 ] 192.168.1.193 GET 192.168.1.165/geetest.html?t=1586827248955
[运行时间：0.212039s] [吞吐率：4.72req/s] [内存消耗：1,886.41kb] [文件加载：49]
[ info ] [ LANG ] D:\phpstudy\WWW\ublcrm_zmyz\thinkphp\lang\zh-cn.php
[ info ] [ LANG ] D:\phpstudy\WWW\ublcrm_zmyz/app/lang\zh-cn.php
[ info ] [ ROUTE ] array (
  'type' => 'method',
  'method' => 
  array (
    0 => '\\think\\geetest\\GeetestController',
    1 => 'index',
  ),
  'var' => 
  array (
  ),
)
[ info ] [ HEADER ] array (
  'cookie' => 'PHPSESSID=7run0dj1e4dt1es63sncllred5',
  'accept-language' => 'zh-CN,zh;q=0.9,en-US;q=0.8,en;q=0.7,zh-TW;q=0.6',
  'accept-encoding' => 'gzip, deflate',
  'referer' => 'http://192.168.1.165/admin/login/login.html',
  'user-agent' => 'Mozilla/5.0 (Windows NT 10.0; Win64; x64) AppleWebKit/537.36 (KHTML, like Gecko) Chrome/80.0.3987.149 Safari/537.36',
  'x-requested-with' => 'XMLHttpRequest',
  'accept' => 'application/json, text/javascript, */*; q=0.01',
  'connection' => 'close',
  'host' => '192.168.1.165',
)
[ info ] [ PARAM ] array (
  't' => '1586827248955',
  'id' => '',
)
[ info ] [ RUN ] think\geetest\GeetestController->index[ D:\phpstudy\WWW\ublcrm_zmyz\vendor\yfcmf\geetest\src\GeetestController.php ]
[ info ] [ SESSION ] INIT array (
  'id' => '',
  'var_session_id' => '',
  'prefix' => 'think',
  'type' => '',
  'auto_start' => true,
)
[ info ] [ BEHAVIOR ] Run app\admin\behavior\Cron @app_end [ RunTime:0.001330s ]
[ info ] [ LOG ] INIT File
---------------------------------------------------------------
[ 2020-04-14T09:21:16+08:00 ] 192.168.1.193 POST 192.168.1.165/admin/login/runlogin.html
[运行时间：0.127060s] [吞吐率：7.87req/s] [内存消耗：8,819.80kb] [文件加载：95]
[ info ] [ LANG ] D:\phpstudy\WWW\ublcrm_zmyz\thinkphp\lang\zh-cn.php
[ info ] [ LANG ] D:\phpstudy\WWW\ublcrm_zmyz/app/lang\zh-cn.php
[ info ] [ ROUTE ] array (
  'type' => 'module',
  'module' => 
  array (
    0 => 'admin',
    1 => 'login',
    2 => 'runlogin',
  ),
)
[ info ] [ HEADER ] array (
  'cookie' => 'thinkphp_show_page_trace=0|0; PHPSESSID=7run0dj1e4dt1es63sncllred5',
  'accept-language' => 'zh-CN,zh;q=0.9,en-US;q=0.8,en;q=0.7,zh-TW;q=0.6',
  'accept-encoding' => 'gzip, deflate',
  'referer' => 'http://192.168.1.165/admin/login/login.html',
  'origin' => 'http://192.168.1.165',
  'content-type' => 'application/x-www-form-urlencoded; charset=UTF-8',
  'user-agent' => 'Mozilla/5.0 (Windows NT 10.0; Win64; x64) AppleWebKit/537.36 (KHTML, like Gecko) Chrome/80.0.3987.149 Safari/537.36',
  'x-requested-with' => 'XMLHttpRequest',
  'accept' => 'application/json, text/javascript, */*; q=0.01',
  'content-length' => '49',
  'connection' => 'close',
  'host' => '192.168.1.165',
)
[ info ] [ PARAM ] array (
  'admin_username' => 'admin',
  'admin_pwd' => 'admin',
  'verify' => 'yn5vd',
)
[ info ] [ SESSION ] INIT array (
  'id' => '',
  'var_session_id' => '',
  'prefix' => 'think',
  'type' => '',
  'auto_start' => true,
)
[ info ] [ DB ] INIT mysql
[ info ] [ BEHAVIOR ] Run app\common\behavior\WebLog @module_init [ RunTime:0.079586s ]
[ info ] [ CACHE ] INIT File
[ info ] [ BEHAVIOR ] Run Closure @action_begin [ RunTime:0.002991s ]
[ info ] [ RUN ] app\admin\controller\Login->runlogin[ D:\phpstudy\WWW\ublcrm_zmyz\app\admin\controller\Login.php ]
[ info ] [ BEHAVIOR ] Run app\admin\behavior\Cron @app_end [ RunTime:0.001166s ]
[ info ] [ LOG ] INIT File
[ sql ] [ DB ] CONNECT:[ UseTime:0.018260s ] mysql:host=127.0.0.1;port=3306;dbname=ublcrm;charset=utf8
[ sql ] [ SQL ] SHOW COLUMNS FROM `ubl_web_log` [ RunTime:0.024012s ]
[ sql ] [ SQL ] INSERT INTO `ubl_web_log` (`uid` , `ip` , `location` , `os` , `browser` , `url` , `module` , `controller` , `action` , `method` , `data` , `otime`) VALUES (0 , '192.168.1.193' , '局域网 局域网  ' , 'Windows 98' , 'Chrome(80.0.3987.149)' , '/admin/login/runlogin.html' , 'admin' , 'Login' , 'runlogin' , 'Ajax' , 's:12:\"保密数据\";' , 1586827275) [ RunTime:0.004395s ]
[ sql ] [ SQL ] SHOW COLUMNS FROM `ubl_admin` [ RunTime:0.000887s ]
[ sql ] [ SQL ] SELECT * FROM `ubl_admin` WHERE  `admin_username` = 'admin'  AND `admin_open` = 1 LIMIT 1 [ RunTime:0.003764s ]
[ sql ] [ SQL ] UPDATE `ubl_admin`  SET `admin_hits`=19,`admin_last_ip`='192.168.1.193',`admin_last_time`=1586827276  WHERE  `admin_id` = 1 [ RunTime:0.008001s ]
[ sql ] [ SQL ] SELECT * FROM `ubl_admin` WHERE  `admin_id` = 1 LIMIT 1 [ RunTime:0.000572s ]
[ sql ] [ SQL ] SHOW COLUMNS FROM `ubl_member_list` [ RunTime:0.001744s ]
[ sql ] [ SQL ] SELECT * FROM `ubl_member_list` WHERE  `member_list_id` = 1 LIMIT 1 [ RunTime:0.001206s ]
---------------------------------------------------------------
[ 2020-04-14T09:21:16+08:00 ] 192.168.1.193 GET 192.168.1.165/
[运行时间：0.084496s] [吞吐率：11.83req/s] [内存消耗：4,728.80kb] [文件加载：80]
[ info ] [ LANG ] D:\phpstudy\WWW\ublcrm_zmyz\thinkphp\lang\zh-cn.php
[ info ] [ LANG ] D:\phpstudy\WWW\ublcrm_zmyz/app/lang\zh-cn.php
[ info ] [ ROUTE ] array (
  'type' => 'module',
  'module' => 
  array (
    0 => 'admin',
    1 => 'Index',
    2 => 'index',
  ),
  'convert' => false,
)
[ info ] [ HEADER ] array (
  'cookie' => 'PHPSESSID=7run0dj1e4dt1es63sncllred5; yf_logged_user=Sinz4kjQd5aWzhQJz',
  'accept-language' => 'zh-CN,zh;q=0.9,en-US;q=0.8,en;q=0.7,zh-TW;q=0.6',
  'accept-encoding' => 'gzip, deflate',
  'referer' => 'http://192.168.1.165/admin/login/login.html',
  'accept' => 'text/html,application/xhtml+xml,application/xml;q=0.9,image/webp,image/apng,*/*;q=0.8,application/signed-exchange;v=b3;q=0.9',
  'user-agent' => 'Mozilla/5.0 (Windows NT 10.0; Win64; x64) AppleWebKit/537.36 (KHTML, like Gecko) Chrome/80.0.3987.149 Safari/537.36',
  'upgrade-insecure-requests' => '1',
  'connection' => 'close',
  'host' => '192.168.1.165',
)
[ info ] [ PARAM ] array (
)
[ info ] [ BEHAVIOR ] Run app\common\behavior\WebLog @module_init [ RunTime:0.000330s ]
[ info ] [ DB ] INIT mysql
[ info ] [ SESSION ] INIT array (
  'id' => '',
  'var_session_id' => '',
  'prefix' => 'think',
  'type' => '',
  'auto_start' => true,
)
[ info ] [ CACHE ] INIT File
[ info ] [ BEHAVIOR ] Run Closure @action_begin [ RunTime:0.001992s ]
[ info ] [ RUN ] app\admin\controller\Index->index[ D:\phpstudy\WWW\ublcrm_zmyz\app\admin\controller\Index.php ]
[ info ] [ VIEW ] D:\phpstudy\WWW\ublcrm_zmyz/app/admin\view\index\index.html [ array (
  0 => 'lang',
  1 => 'menus',
  2 => 'menus_curr',
  3 => 'menus_child',
  4 => 'id_curr',
  5 => 'admin_avatar',
  6 => 'news_list',
  7 => 'news_count',
  8 => 'members_count',
  9 => 'sugs_count',
  10 => 'coms_count',
  11 => 'tonews_count',
  12 => 'ztnews_count',
  13 => 'difday',
  14 => 'tomembers_count',
  15 => 'ztmembers_count',
  16 => 'difday_m',
  17 => 'tosugs_count',
  18 => 'ztsugs_count',
  19 => 'difday_s',
  20 => 'tocoms_count',
  21 => 'ztcoms_count',
  22 => 'difday_c',
) ]
[ info ] [ VIEW ] D:\phpstudy\WWW\ublcrm_zmyz\addons\maintain\maintain.html [ array (
  0 => 'danger_mode_debug',
  1 => 'weak_setting_db_password',
  2 => 'weak_setting_admin_last_change_password',
  3 => 'system_safe',
  4 => 'system_pageshow',
  5 => 'log_size',
  6 => 'log_file_cnt',
) ]
[ info ] [ BEHAVIOR ] Run \addons\maintain\Maintain @maintain [ RunTime:0.007245s ]
[ info ] [ BEHAVIOR ] Run app\admin\behavior\Cron @app_end [ RunTime:0.001305s ]
[ info ] [ LOG ] INIT File
[ sql ] [ DB ] CONNECT:[ UseTime:0.011271s ] mysql:host=127.0.0.1;port=3306;dbname=ublcrm;charset=utf8
[ sql ] [ SQL ] SHOW COLUMNS FROM `ubl_auth_rule` [ RunTime:0.001347s ]
[ sql ] [ SQL ] SELECT `id`,`pid` FROM `ubl_auth_rule` ORDER BY `level` DESC,`sort` [ RunTime:0.001677s ]
[ sql ] [ SQL ] SELECT `pid` FROM `ubl_auth_rule` WHERE  `id` = -1 LIMIT 1 [ RunTime:0.000334s ]
[ sql ] [ SQL ] SELECT * FROM `ubl_auth_rule` WHERE  `status` = 1  AND `pid` IS NULL ORDER BY `sort` [ RunTime:0.000925s ]
[ sql ] [ SQL ] SHOW COLUMNS FROM `ubl_news` [ RunTime:0.001996s ]
[ sql ] [ SQL ] SELECT * FROM `ubl_news` WHERE  `news_l` = 'zh-cn' ORDER BY `news_hits` DESC LIMIT 0,10 [ RunTime:0.001177s ]
[ sql ] [ SQL ] SELECT COUNT(*) AS tp_count FROM `ubl_news` LIMIT 1 [ RunTime:0.001015s ]
[ sql ] [ SQL ] SHOW COLUMNS FROM `ubl_member_list` [ RunTime:0.000657s ]
[ sql ] [ SQL ] SELECT COUNT(*) AS tp_count FROM `ubl_member_list` LIMIT 1 [ RunTime:0.000348s ]
[ sql ] [ SQL ] SHOW COLUMNS FROM `ubl_plug_sug` [ RunTime:0.000783s ]
[ sql ] [ SQL ] SELECT COUNT(*) AS tp_count FROM `ubl_plug_sug` LIMIT 1 [ RunTime:0.000498s ]
[ sql ] [ SQL ] SHOW COLUMNS FROM `ubl_comments` [ RunTime:0.000934s ]
[ sql ] [ SQL ] SELECT COUNT(*) AS tp_count FROM `ubl_comments` LIMIT 1 [ RunTime:0.000472s ]
[ sql ] [ SQL ] SELECT COUNT(*) AS tp_count FROM `ubl_news` WHERE  `news_time` BETWEEN 1586793600 AND 1586879999 LIMIT 1 [ RunTime:0.000494s ]
[ sql ] [ SQL ] SELECT COUNT(*) AS tp_count FROM `ubl_news` WHERE  `news_time` BETWEEN 1586707200 AND 1586793599 LIMIT 1 [ RunTime:0.000583s ]
[ sql ] [ SQL ] SELECT COUNT(*) AS tp_count FROM `ubl_member_list` WHERE  `member_list_addtime` BETWEEN 1586793600 AND 1586879999 LIMIT 1 [ RunTime:0.000318s ]
[ sql ] [ SQL ] SELECT COUNT(*) AS tp_count FROM `ubl_member_list` WHERE  `member_list_addtime` BETWEEN 1586707200 AND 1586793599 LIMIT 1 [ RunTime:0.000255s ]
[ sql ] [ SQL ] SELECT COUNT(*) AS tp_count FROM `ubl_plug_sug` WHERE  `plug_sug_addtime` BETWEEN 1586793600 AND 1586879999 LIMIT 1 [ RunTime:0.000249s ]
[ sql ] [ SQL ] SELECT COUNT(*) AS tp_count FROM `ubl_plug_sug` WHERE  `plug_sug_addtime` BETWEEN 1586707200 AND 1586793599 LIMIT 1 [ RunTime:0.000242s ]
[ sql ] [ SQL ] SELECT COUNT(*) AS tp_count FROM `ubl_comments` WHERE  `createtime` BETWEEN 1586793600 AND 1586879999 LIMIT 1 [ RunTime:0.000244s ]
[ sql ] [ SQL ] SELECT COUNT(*) AS tp_count FROM `ubl_comments` WHERE  `createtime` BETWEEN 1586707200 AND 1586793599 LIMIT 1 [ RunTime:0.000249s ]
---------------------------------------------------------------
[ 2020-04-14T09:21:26+08:00 ] 192.168.1.193 GET 192.168.1.165/admin/basic_information/index.html
[运行时间：0.080005s] [吞吐率：12.50req/s] [内存消耗：4,706.56kb] [文件加载：79]
[ info ] [ LANG ] D:\phpstudy\WWW\ublcrm_zmyz\thinkphp\lang\zh-cn.php
[ info ] [ LANG ] D:\phpstudy\WWW\ublcrm_zmyz/app/lang\zh-cn.php
[ info ] [ ROUTE ] array (
  'type' => 'module',
  'module' => 
  array (
    0 => 'admin',
    1 => 'basic_information',
    2 => 'index',
  ),
)
[ info ] [ HEADER ] array (
  'cookie' => 'PHPSESSID=7run0dj1e4dt1es63sncllred5; yf_logged_user=Sinz4kjQd5aWzhQJz; thinkphp_show_page_trace=0|0',
  'accept-language' => 'zh-CN,zh;q=0.9,en-US;q=0.8,en;q=0.7,zh-TW;q=0.6',
  'accept-encoding' => 'gzip, deflate',
  'referer' => 'http://192.168.1.165/',
  'accept' => 'text/html,application/xhtml+xml,application/xml;q=0.9,image/webp,image/apng,*/*;q=0.8,application/signed-exchange;v=b3;q=0.9',
  'user-agent' => 'Mozilla/5.0 (Windows NT 10.0; Win64; x64) AppleWebKit/537.36 (KHTML, like Gecko) Chrome/80.0.3987.149 Safari/537.36',
  'upgrade-insecure-requests' => '1',
  'connection' => 'close',
  'host' => '192.168.1.165',
)
[ info ] [ PARAM ] array (
)
[ info ] [ BEHAVIOR ] Run app\common\behavior\WebLog @module_init [ RunTime:0.000310s ]
[ info ] [ DB ] INIT mysql
[ info ] [ SESSION ] INIT array (
  'id' => '',
  'var_session_id' => '',
  'prefix' => 'think',
  'type' => '',
  'auto_start' => true,
)
[ info ] [ CACHE ] INIT File
[ info ] [ BEHAVIOR ] Run Closure @action_begin [ RunTime:0.001916s ]
[ info ] [ RUN ] app\admin\controller\BasicInformation->index[ D:\phpstudy\WWW\ublcrm_zmyz\app\admin\controller\BasicInformation.php ]
[ info ] [ VIEW ] D:\phpstudy\WWW\ublcrm_zmyz/app/admin\view\basic_information\index.html [ array (
  0 => 'lang',
  1 => 'menus',
  2 => 'menus_curr',
  3 => 'menus_child',
  4 => 'id_curr',
  5 => 'admin_avatar',
  6 => 'domain',
  7 => 'group_id',
  8 => 'opentype_check',
  9 => 'data',
  10 => 'page',
  11 => 'search_name',
) ]
[ info ] [ BEHAVIOR ] Run app\admin\behavior\Cron @app_end [ RunTime:0.001342s ]
[ info ] [ LOG ] INIT File
[ sql ] [ DB ] CONNECT:[ UseTime:0.011256s ] mysql:host=127.0.0.1;port=3306;dbname=ublcrm;charset=utf8
[ sql ] [ SQL ] SHOW COLUMNS FROM `ubl_auth_rule` [ RunTime:0.001218s ]
[ sql ] [ SQL ] SELECT `id` FROM `ubl_auth_rule` WHERE  `name` = 'admin/BasicInformation/index' ORDER BY `level` DESC,`sort` LIMIT 1 [ RunTime:0.000545s ]
[ sql ] [ SQL ] SELECT `id`,`pid` FROM `ubl_auth_rule` ORDER BY `level` DESC,`sort` [ RunTime:0.001303s ]
[ sql ] [ SQL ] SELECT `id` FROM `ubl_auth_rule` WHERE  `name` = 'admin/BasicInformation/index'  AND `status` = 1 ORDER BY `level` DESC,`sort` LIMIT 1 [ RunTime:0.000455s ]
[ sql ] [ SQL ] SELECT `pid` FROM `ubl_auth_rule` WHERE  `id` = 328 LIMIT 1 [ RunTime:0.000375s ]
[ sql ] [ SQL ] SELECT * FROM `ubl_auth_rule` WHERE  `status` = 1  AND `pid` = 327 ORDER BY `sort` [ RunTime:0.000573s ]
[ sql ] [ SQL ] SHOW COLUMNS FROM `ubl_auth_group_access` [ RunTime:0.000877s ]
[ sql ] [ SQL ] SELECT * FROM `ubl_auth_group_access` WHERE  `uid` = 1 LIMIT 1 [ RunTime:0.000787s ]
[ sql ] [ SQL ] SHOW COLUMNS FROM `ubl_basic_information` [ RunTime:0.000821s ]
[ sql ] [ SQL ] SELECT COUNT(*) AS tp_count FROM `ubl_basic_information` LIMIT 1 [ RunTime:0.000299s ]
[ sql ] [ SQL ] SELECT * FROM `ubl_basic_information` ORDER BY `id` DESC LIMIT 0,10 [ RunTime:0.000777s ]
---------------------------------------------------------------
[ 2020-04-14T09:22:13+08:00 ] 192.168.1.193 GET 192.168.1.165/home/index/index/id/15.html
[运行时间：0.052092s] [吞吐率：19.20req/s] [内存消耗：3,504.66kb] [文件加载：76]
[ info ] [ LANG ] D:\phpstudy\WWW\ublcrm_zmyz\thinkphp\lang\zh-cn.php
[ info ] [ LANG ] D:\phpstudy\WWW\ublcrm_zmyz/app/lang\zh-cn.php
[ info ] [ ROUTE ] array (
  'type' => 'module',
  'module' => 
  array (
    0 => 'home',
    1 => 'index',
    2 => 'index',
  ),
)
[ info ] [ HEADER ] array (
  'cookie' => 'PHPSESSID=7run0dj1e4dt1es63sncllred5; yf_logged_user=Sinz4kjQd5aWzhQJz; thinkphp_show_page_trace=0|0',
  'accept-language' => 'zh-CN,zh;q=0.9,en-US;q=0.8,en;q=0.7,zh-TW;q=0.6',
  'accept-encoding' => 'gzip, deflate',
  'accept' => 'text/html,application/xhtml+xml,application/xml;q=0.9,image/webp,image/apng,*/*;q=0.8,application/signed-exchange;v=b3;q=0.9',
  'user-agent' => 'Mozilla/5.0 (Windows NT 10.0; Win64; x64) AppleWebKit/537.36 (KHTML, like Gecko) Chrome/80.0.3987.149 Safari/537.36',
  'upgrade-insecure-requests' => '1',
  'connection' => 'close',
  'host' => '192.168.1.165',
)
[ info ] [ PARAM ] array (
  'id' => '15',
)
[ info ] [ LANG ] D:\phpstudy\WWW\ublcrm_zmyz/app/home\lang\zh-cn.php
[ info ] [ BEHAVIOR ] Run app\common\behavior\WebLog @module_init [ RunTime:0.000378s ]
[ info ] [ CACHE ] INIT File
[ info ] [ SESSION ] INIT array (
  'id' => '',
  'var_session_id' => '',
  'prefix' => 'think',
  'type' => '',
  'auto_start' => true,
)
[ info ] [ DB ] INIT mysql
[ info ] [ BEHAVIOR ] Run Closure @action_begin [ RunTime:0.001838s ]
[ info ] [ RUN ] app\home\controller\Index->index[ D:\phpstudy\WWW\ublcrm_zmyz\app\home\controller\Index.php ]
[ info ] [ VIEW ] D:\phpstudy\WWW\ublcrm_zmyz/app/home/view/default/\index.html [ array (
  0 => 'lang',
  1 => 'map_lat',
  2 => 'map_lng',
  3 => 'site_name',
  4 => 'site_host',
  5 => 'site_tpl',
  6 => 'site_tpl_m',
  7 => 'site_logo',
  8 => 'site_icp',
  9 => 'site_tongji',
  10 => 'site_copyright',
  11 => 'site_co_name',
  12 => 'site_address',
  13 => 'site_tel',
  14 => 'site_admin_email',
  15 => 'site_qq',
  16 => 'site_seo_title',
  17 => 'site_seo_keywords',
  18 => 'site_seo_description',
  19 => 'yf_theme_path',
  20 => 'user',
  21 => 'is_admin',
  22 => 'id',
  23 => 'res',
) ]
[ info ] [ BEHAVIOR ] Run app\admin\behavior\Cron @app_end [ RunTime:0.001421s ]
[ info ] [ LOG ] INIT File
[ sql ] [ DB ] CONNECT:[ UseTime:0.001812s ] mysql:host=127.0.0.1;port=3306;dbname=ublcrm;charset=utf8
[ sql ] [ SQL ] SHOW COLUMNS FROM `ubl_member_list` [ RunTime:0.001447s ]
[ sql ] [ SQL ] SELECT * FROM `ubl_member_list` WHERE  `member_list_id` = 1 LIMIT 1 [ RunTime:0.000454s ]
[ sql ] [ SQL ] SHOW COLUMNS FROM `ubl_admin` [ RunTime:0.000584s ]
[ sql ] [ SQL ] SELECT * FROM `ubl_admin` WHERE  `member_id` = 1 LIMIT 1 [ RunTime:0.000529s ]
[ sql ] [ SQL ] SHOW COLUMNS FROM `ubl_information_details` [ RunTime:0.000931s ]
[ sql ] [ SQL ] SELECT * FROM `ubl_information_details` WHERE  `basic_id` = 15 LIMIT 1 [ RunTime:0.001559s ]
---------------------------------------------------------------
[ 2020-04-14T14:34:39+08:00 ] 0.0.0.0 GET localhost/
[运行时间：0.156374s] [吞吐率：6.39req/s] [内存消耗：3,214.82kb] [文件加载：68]
[ info ] [ LANG ] D:\phpstudy\WWW\ublcrm_zmyz\thinkphp\lang\zh-cn.php
[ info ] [ LANG ] D:\phpstudy\WWW\ublcrm_zmyz/app/lang\zh-cn.php
[ info ] [ ROUTE ] array (
  'type' => 'module',
  'module' => 
  array (
    0 => 'admin',
    1 => 'Index',
    2 => 'index',
  ),
  'convert' => false,
)
[ info ] [ HEADER ] array (
  'cookie' => 'UM_distinctid=1711b8afae22e8-00da155ba74046-7d7f582e-151800-1711b8afae411e; CNZZDATA1278164976=1708760609-1585304926-%7C1585304926; yf_logged_user=xEO1HW0sXHwpaKQcP',
  'accept-language' => 'zh-CN,zh;q=0.9',
  'accept-encoding' => 'gzip, deflate, br',
  'accept' => 'text/html,application/xhtml+xml,application/xml;q=0.9,image/webp,image/apng,*/*;q=0.8',
  'user-agent' => 'Mozilla/5.0 (Windows NT 10.0; WOW64) AppleWebKit/537.36 (KHTML, like Gecko) Chrome/65.0.3314.0 Safari/537.36 SE 2.X MetaSr 1.0',
  'upgrade-insecure-requests' => '1',
  'connection' => 'close',
  'host' => 'localhost',
)
[ info ] [ PARAM ] array (
)
[ info ] [ BEHAVIOR ] Run app\common\behavior\WebLog @module_init [ RunTime:0.002107s ]
[ info ] [ DB ] INIT mysql
[ info ] [ SESSION ] INIT array (
  'id' => '',
  'var_session_id' => '',
  'prefix' => 'think',
  'type' => '',
  'auto_start' => true,
)
[ info ] [ BEHAVIOR ] Run app\admin\behavior\Cron @app_end [ RunTime:0.003492s ]
[ info ] [ LOG ] INIT File
---------------------------------------------------------------
[ 2020-04-14T14:34:39+08:00 ] 0.0.0.0 GET localhost/admin/login/login.html
[运行时间：0.082248s] [吞吐率：12.16req/s] [内存消耗：3,339.37kb] [文件加载：74]
[ info ] [ LANG ] D:\phpstudy\WWW\ublcrm_zmyz\thinkphp\lang\zh-cn.php
[ info ] [ LANG ] D:\phpstudy\WWW\ublcrm_zmyz/app/lang\zh-cn.php
[ info ] [ ROUTE ] array (
  'type' => 'module',
  'module' => 
  array (
    0 => 'admin',
    1 => 'login',
    2 => 'login',
  ),
)
[ info ] [ HEADER ] array (
  'cookie' => 'UM_distinctid=1711b8afae22e8-00da155ba74046-7d7f582e-151800-1711b8afae411e; CNZZDATA1278164976=1708760609-1585304926-%7C1585304926; yf_logged_user=xEO1HW0sXHwpaKQcP; PHPSESSID=c4slio71umhfsmnv60s4pk2j82',
  'accept-language' => 'zh-CN,zh;q=0.9',
  'accept-encoding' => 'gzip, deflate, br',
  'accept' => 'text/html,application/xhtml+xml,application/xml;q=0.9,image/webp,image/apng,*/*;q=0.8',
  'user-agent' => 'Mozilla/5.0 (Windows NT 10.0; WOW64) AppleWebKit/537.36 (KHTML, like Gecko) Chrome/65.0.3314.0 Safari/537.36 SE 2.X MetaSr 1.0',
  'upgrade-insecure-requests' => '1',
  'connection' => 'close',
  'host' => 'localhost',
)
[ info ] [ PARAM ] array (
)
[ info ] [ BEHAVIOR ] Run app\common\behavior\WebLog @module_init [ RunTime:0.000687s ]
[ info ] [ CACHE ] INIT File
[ info ] [ BEHAVIOR ] Run Closure @action_begin [ RunTime:0.029787s ]
[ info ] [ RUN ] app\admin\controller\Login->login[ D:\phpstudy\WWW\ublcrm_zmyz\app\admin\controller\Login.php ]
[ info ] [ DB ] INIT mysql
[ info ] [ SESSION ] INIT array (
  'id' => '',
  'var_session_id' => '',
  'prefix' => 'think',
  'type' => '',
  'auto_start' => true,
)
[ info ] [ VIEW ] D:\phpstudy\WWW\ublcrm_zmyz/app/admin\view\login\login.html [ array (
  0 => 'lang',
) ]
[ info ] [ BEHAVIOR ] Run app\admin\behavior\Cron @app_end [ RunTime:0.002509s ]
[ info ] [ LOG ] INIT File
---------------------------------------------------------------
[ 2020-04-14T14:34:39+08:00 ] 0.0.0.0 GET localhost/admin/login/verify.html
[运行时间：0.088901s] [吞吐率：11.25req/s] [内存消耗：3,289.94kb] [文件加载：72]
[ info ] [ LANG ] D:\phpstudy\WWW\ublcrm_zmyz\thinkphp\lang\zh-cn.php
[ info ] [ LANG ] D:\phpstudy\WWW\ublcrm_zmyz/app/lang\zh-cn.php
[ info ] [ ROUTE ] array (
  'type' => 'module',
  'module' => 
  array (
    0 => 'admin',
    1 => 'login',
    2 => 'verify',
  ),
)
[ info ] [ HEADER ] array (
  'cookie' => 'UM_distinctid=1711b8afae22e8-00da155ba74046-7d7f582e-151800-1711b8afae411e; CNZZDATA1278164976=1708760609-1585304926-%7C1585304926; yf_logged_user=xEO1HW0sXHwpaKQcP; PHPSESSID=c4slio71umhfsmnv60s4pk2j82',
  'accept-language' => 'zh-CN,zh;q=0.9',
  'accept-encoding' => 'gzip, deflate, br',
  'referer' => 'http://localhost/admin/login/login.html',
  'accept' => 'image/webp,image/apng,image/*,*/*;q=0.8',
  'user-agent' => 'Mozilla/5.0 (Windows NT 10.0; WOW64) AppleWebKit/537.36 (KHTML, like Gecko) Chrome/65.0.3314.0 Safari/537.36 SE 2.X MetaSr 1.0',
  'connection' => 'close',
  'host' => 'localhost',
)
[ info ] [ PARAM ] array (
)
[ info ] [ BEHAVIOR ] Run app\common\behavior\WebLog @module_init [ RunTime:0.000599s ]
[ info ] [ CACHE ] INIT File
[ info ] [ BEHAVIOR ] Run Closure @action_begin [ RunTime:0.008816s ]
[ info ] [ RUN ] app\admin\controller\Login->verify[ D:\phpstudy\WWW\ublcrm_zmyz\app\admin\controller\Login.php ]
[ info ] [ DB ] INIT mysql
[ info ] [ SESSION ] INIT array (
  'id' => '',
  'var_session_id' => '',
  'prefix' => 'think',
  'type' => '',
  'auto_start' => true,
)
[ info ] [ BEHAVIOR ] Run app\admin\behavior\Cron @app_end [ RunTime:0.003541s ]
[ info ] [ LOG ] INIT File
---------------------------------------------------------------
[ 2020-04-14T14:34:39+08:00 ] 0.0.0.0 GET localhost/geetest.html?t=1586846079600
[运行时间：0.252547s] [吞吐率：3.96req/s] [内存消耗：1,886.80kb] [文件加载：49]
[ info ] [ LANG ] D:\phpstudy\WWW\ublcrm_zmyz\thinkphp\lang\zh-cn.php
[ info ] [ LANG ] D:\phpstudy\WWW\ublcrm_zmyz/app/lang\zh-cn.php
[ info ] [ ROUTE ] array (
  'type' => 'method',
  'method' => 
  array (
    0 => '\\think\\geetest\\GeetestController',
    1 => 'index',
  ),
  'var' => 
  array (
  ),
)
[ info ] [ HEADER ] array (
  'cookie' => 'UM_distinctid=1711b8afae22e8-00da155ba74046-7d7f582e-151800-1711b8afae411e; CNZZDATA1278164976=1708760609-1585304926-%7C1585304926; yf_logged_user=xEO1HW0sXHwpaKQcP; PHPSESSID=c4slio71umhfsmnv60s4pk2j82',
  'accept-language' => 'zh-CN,zh;q=0.9',
  'accept-encoding' => 'gzip, deflate, br',
  'referer' => 'http://localhost/admin/login/login.html',
  'user-agent' => 'Mozilla/5.0 (Windows NT 10.0; WOW64) AppleWebKit/537.36 (KHTML, like Gecko) Chrome/65.0.3314.0 Safari/537.36 SE 2.X MetaSr 1.0',
  'x-requested-with' => 'XMLHttpRequest',
  'accept' => 'application/json, text/javascript, */*; q=0.01',
  'connection' => 'close',
  'host' => 'localhost',
)
[ info ] [ PARAM ] array (
  't' => '1586846079600',
  'id' => '',
)
[ info ] [ RUN ] think\geetest\GeetestController->index[ D:\phpstudy\WWW\ublcrm_zmyz\vendor\yfcmf\geetest\src\GeetestController.php ]
[ info ] [ SESSION ] INIT array (
  'id' => '',
  'var_session_id' => '',
  'prefix' => 'think',
  'type' => '',
  'auto_start' => true,
)
[ info ] [ BEHAVIOR ] Run app\admin\behavior\Cron @app_end [ RunTime:0.001779s ]
[ info ] [ LOG ] INIT File
---------------------------------------------------------------
[ 2020-04-14T15:55:45+08:00 ] 0.0.0.0 GET localhost/home/index/index/id/15.html
[运行时间：0.129319s] [吞吐率：7.73req/s] [内存消耗：3,505.57kb] [文件加载：76]
[ info ] [ LANG ] D:\phpstudy\WWW\ublcrm_zmyz\thinkphp\lang\zh-cn.php
[ info ] [ LANG ] D:\phpstudy\WWW\ublcrm_zmyz/app/lang\zh-cn.php
[ info ] [ ROUTE ] array (
  'type' => 'module',
  'module' => 
  array (
    0 => 'home',
    1 => 'index',
    2 => 'index',
  ),
)
[ info ] [ HEADER ] array (
  'cookie' => 'thinkphp_show_page_trace=0|0; PHPSESSID=kce1p2m47cetm2l3ksohlo3es5; yf_logged_user=yZ7XFY3sd2sYcX5Rh; thinkphp_show_page_trace=0|0; Phpstorm-3c392d88=6c991831-9f6c-4d48-a978-7d0026ae3d18',
  'accept-language' => 'zh-CN,zh;q=0.9',
  'accept-encoding' => 'gzip, deflate, br',
  'sec-fetch-user' => '?1',
  'sec-fetch-mode' => 'navigate',
  'sec-fetch-site' => 'none',
  'accept' => 'text/html,application/xhtml+xml,application/xml;q=0.9,image/webp,image/apng,*/*;q=0.8,application/signed-exchange;v=b3;q=0.9',
  'sec-fetch-dest' => 'document',
  'user-agent' => 'Mozilla/5.0 (Windows NT 10.0; WOW64) AppleWebKit/537.36 (KHTML, like Gecko) Chrome/80.0.3987.100 Safari/537.36',
  'upgrade-insecure-requests' => '1',
  'connection' => 'close',
  'host' => 'localhost',
)
[ info ] [ PARAM ] array (
  'id' => '15',
)
[ info ] [ LANG ] D:\phpstudy\WWW\ublcrm_zmyz/app/home\lang\zh-cn.php
[ info ] [ BEHAVIOR ] Run app\common\behavior\WebLog @module_init [ RunTime:0.000764s ]
[ info ] [ CACHE ] INIT File
[ info ] [ SESSION ] INIT array (
  'id' => '',
  'var_session_id' => '',
  'prefix' => 'think',
  'type' => '',
  'auto_start' => true,
)
[ info ] [ DB ] INIT mysql
[ info ] [ BEHAVIOR ] Run Closure @action_begin [ RunTime:0.002801s ]
[ info ] [ RUN ] app\home\controller\Index->index[ D:\phpstudy\WWW\ublcrm_zmyz\app\home\controller\Index.php ]
[ info ] [ VIEW ] D:\phpstudy\WWW\ublcrm_zmyz/app/home/view/default/\index.html [ array (
  0 => 'lang',
  1 => 'map_lat',
  2 => 'map_lng',
  3 => 'site_name',
  4 => 'site_host',
  5 => 'site_tpl',
  6 => 'site_tpl_m',
  7 => 'site_logo',
  8 => 'site_icp',
  9 => 'site_tongji',
  10 => 'site_copyright',
  11 => 'site_co_name',
  12 => 'site_address',
  13 => 'site_tel',
  14 => 'site_admin_email',
  15 => 'site_qq',
  16 => 'site_seo_title',
  17 => 'site_seo_keywords',
  18 => 'site_seo_description',
  19 => 'yf_theme_path',
  20 => 'user',
  21 => 'is_admin',
  22 => 'id',
  23 => 'res',
) ]
[ info ] [ BEHAVIOR ] Run app\admin\behavior\Cron @app_end [ RunTime:0.002365s ]
[ info ] [ LOG ] INIT File
[ sql ] [ DB ] CONNECT:[ UseTime:0.019658s ] mysql:host=127.0.0.1;port=3306;dbname=ublcrm;charset=utf8
[ sql ] [ SQL ] SHOW COLUMNS FROM `ubl_member_list` [ RunTime:0.022440s ]
[ sql ] [ SQL ] SELECT * FROM `ubl_member_list` WHERE  `member_list_id` = 1 LIMIT 1 [ RunTime:0.003092s ]
[ sql ] [ SQL ] SHOW COLUMNS FROM `ubl_admin` [ RunTime:0.000852s ]
[ sql ] [ SQL ] SELECT * FROM `ubl_admin` WHERE  `member_id` = 1 LIMIT 1 [ RunTime:0.000790s ]
[ sql ] [ SQL ] SHOW COLUMNS FROM `ubl_information_details` [ RunTime:0.000934s ]
[ sql ] [ SQL ] SELECT * FROM `ubl_information_details` WHERE  `basic_id` = 15 LIMIT 1 [ RunTime:0.001204s ]
---------------------------------------------------------------
[ 2020-04-14T15:55:48+08:00 ] 0.0.0.0 GET localhost/
[运行时间：0.087270s] [吞吐率：11.46req/s] [内存消耗：4,729.30kb] [文件加载：80]
[ info ] [ LANG ] D:\phpstudy\WWW\ublcrm_zmyz\thinkphp\lang\zh-cn.php
[ info ] [ LANG ] D:\phpstudy\WWW\ublcrm_zmyz/app/lang\zh-cn.php
[ info ] [ ROUTE ] array (
  'type' => 'module',
  'module' => 
  array (
    0 => 'admin',
    1 => 'Index',
    2 => 'index',
  ),
  'convert' => false,
)
[ info ] [ HEADER ] array (
  'cookie' => 'PHPSESSID=kce1p2m47cetm2l3ksohlo3es5; yf_logged_user=yZ7XFY3sd2sYcX5Rh; thinkphp_show_page_trace=0|0; Phpstorm-3c392d88=6c991831-9f6c-4d48-a978-7d0026ae3d18',
  'accept-language' => 'zh-CN,zh;q=0.9',
  'accept-encoding' => 'gzip, deflate, br',
  'sec-fetch-user' => '?1',
  'sec-fetch-mode' => 'navigate',
  'sec-fetch-site' => 'none',
  'accept' => 'text/html,application/xhtml+xml,application/xml;q=0.9,image/webp,image/apng,*/*;q=0.8,application/signed-exchange;v=b3;q=0.9',
  'sec-fetch-dest' => 'document',
  'user-agent' => 'Mozilla/5.0 (Windows NT 10.0; WOW64) AppleWebKit/537.36 (KHTML, like Gecko) Chrome/80.0.3987.100 Safari/537.36',
  'upgrade-insecure-requests' => '1',
  'connection' => 'close',
  'host' => 'localhost',
)
[ info ] [ PARAM ] array (
)
[ info ] [ BEHAVIOR ] Run app\common\behavior\WebLog @module_init [ RunTime:0.000318s ]
[ info ] [ DB ] INIT mysql
[ info ] [ SESSION ] INIT array (
  'id' => '',
  'var_session_id' => '',
  'prefix' => 'think',
  'type' => '',
  'auto_start' => true,
)
[ info ] [ CACHE ] INIT File
[ info ] [ BEHAVIOR ] Run Closure @action_begin [ RunTime:0.001834s ]
[ info ] [ RUN ] app\admin\controller\Index->index[ D:\phpstudy\WWW\ublcrm_zmyz\app\admin\controller\Index.php ]
[ info ] [ VIEW ] D:\phpstudy\WWW\ublcrm_zmyz/app/admin\view\index\index.html [ array (
  0 => 'lang',
  1 => 'menus',
  2 => 'menus_curr',
  3 => 'menus_child',
  4 => 'id_curr',
  5 => 'admin_avatar',
  6 => 'news_list',
  7 => 'news_count',
  8 => 'members_count',
  9 => 'sugs_count',
  10 => 'coms_count',
  11 => 'tonews_count',
  12 => 'ztnews_count',
  13 => 'difday',
  14 => 'tomembers_count',
  15 => 'ztmembers_count',
  16 => 'difday_m',
  17 => 'tosugs_count',
  18 => 'ztsugs_count',
  19 => 'difday_s',
  20 => 'tocoms_count',
  21 => 'ztcoms_count',
  22 => 'difday_c',
) ]
[ info ] [ VIEW ] D:\phpstudy\WWW\ublcrm_zmyz\addons\maintain\maintain.html [ array (
  0 => 'danger_mode_debug',
  1 => 'weak_setting_db_password',
  2 => 'weak_setting_admin_last_change_password',
  3 => 'system_safe',
  4 => 'system_pageshow',
  5 => 'log_size',
  6 => 'log_file_cnt',
) ]
[ info ] [ BEHAVIOR ] Run \addons\maintain\Maintain @maintain [ RunTime:0.005871s ]
[ info ] [ BEHAVIOR ] Run app\admin\behavior\Cron @app_end [ RunTime:0.001634s ]
[ info ] [ LOG ] INIT File
[ sql ] [ DB ] CONNECT:[ UseTime:0.010624s ] mysql:host=127.0.0.1;port=3306;dbname=ublcrm;charset=utf8
[ sql ] [ SQL ] SHOW COLUMNS FROM `ubl_auth_rule` [ RunTime:0.001055s ]
[ sql ] [ SQL ] SELECT `id`,`pid` FROM `ubl_auth_rule` ORDER BY `level` DESC,`sort` [ RunTime:0.001727s ]
[ sql ] [ SQL ] SELECT `pid` FROM `ubl_auth_rule` WHERE  `id` = -1 LIMIT 1 [ RunTime:0.000244s ]
[ sql ] [ SQL ] SELECT * FROM `ubl_auth_rule` WHERE  `status` = 1  AND `pid` IS NULL ORDER BY `sort` [ RunTime:0.000557s ]
[ sql ] [ SQL ] SHOW COLUMNS FROM `ubl_news` [ RunTime:0.006708s ]
[ sql ] [ SQL ] SELECT * FROM `ubl_news` WHERE  `news_l` = 'zh-cn' ORDER BY `news_hits` DESC LIMIT 0,10 [ RunTime:0.001185s ]
[ sql ] [ SQL ] SELECT COUNT(*) AS tp_count FROM `ubl_news` LIMIT 1 [ RunTime:0.001059s ]
[ sql ] [ SQL ] SHOW COLUMNS FROM `ubl_member_list` [ RunTime:0.000659s ]
[ sql ] [ SQL ] SELECT COUNT(*) AS tp_count FROM `ubl_member_list` LIMIT 1 [ RunTime:0.000269s ]
[ sql ] [ SQL ] SHOW COLUMNS FROM `ubl_plug_sug` [ RunTime:0.001229s ]
[ sql ] [ SQL ] SELECT COUNT(*) AS tp_count FROM `ubl_plug_sug` LIMIT 1 [ RunTime:0.000272s ]
[ sql ] [ SQL ] SHOW COLUMNS FROM `ubl_comments` [ RunTime:0.001654s ]
[ sql ] [ SQL ] SELECT COUNT(*) AS tp_count FROM `ubl_comments` LIMIT 1 [ RunTime:0.000218s ]
[ sql ] [ SQL ] SELECT COUNT(*) AS tp_count FROM `ubl_news` WHERE  `news_time` BETWEEN 1586793600 AND 1586879999 LIMIT 1 [ RunTime:0.000360s ]
[ sql ] [ SQL ] SELECT COUNT(*) AS tp_count FROM `ubl_news` WHERE  `news_time` BETWEEN 1586707200 AND 1586793599 LIMIT 1 [ RunTime:0.000522s ]
[ sql ] [ SQL ] SELECT COUNT(*) AS tp_count FROM `ubl_member_list` WHERE  `member_list_addtime` BETWEEN 1586793600 AND 1586879999 LIMIT 1 [ RunTime:0.000289s ]
[ sql ] [ SQL ] SELECT COUNT(*) AS tp_count FROM `ubl_member_list` WHERE  `member_list_addtime` BETWEEN 1586707200 AND 1586793599 LIMIT 1 [ RunTime:0.000248s ]
[ sql ] [ SQL ] SELECT COUNT(*) AS tp_count FROM `ubl_plug_sug` WHERE  `plug_sug_addtime` BETWEEN 1586793600 AND 1586879999 LIMIT 1 [ RunTime:0.000234s ]
[ sql ] [ SQL ] SELECT COUNT(*) AS tp_count FROM `ubl_plug_sug` WHERE  `plug_sug_addtime` BETWEEN 1586707200 AND 1586793599 LIMIT 1 [ RunTime:0.000243s ]
[ sql ] [ SQL ] SELECT COUNT(*) AS tp_count FROM `ubl_comments` WHERE  `createtime` BETWEEN 1586793600 AND 1586879999 LIMIT 1 [ RunTime:0.000232s ]
[ sql ] [ SQL ] SELECT COUNT(*) AS tp_count FROM `ubl_comments` WHERE  `createtime` BETWEEN 1586707200 AND 1586793599 LIMIT 1 [ RunTime:0.000237s ]
---------------------------------------------------------------
[ 2020-04-14T15:56:02+08:00 ] 0.0.0.0 GET localhost/admin/basic_information/index.html
[运行时间：0.068838s] [吞吐率：14.53req/s] [内存消耗：4,707.67kb] [文件加载：79]
[ info ] [ LANG ] D:\phpstudy\WWW\ublcrm_zmyz\thinkphp\lang\zh-cn.php
[ info ] [ LANG ] D:\phpstudy\WWW\ublcrm_zmyz/app/lang\zh-cn.php
[ info ] [ ROUTE ] array (
  'type' => 'module',
  'module' => 
  array (
    0 => 'admin',
    1 => 'basic_information',
    2 => 'index',
  ),
)
[ info ] [ HEADER ] array (
  'cookie' => 'thinkphp_show_page_trace=0|0; PHPSESSID=kce1p2m47cetm2l3ksohlo3es5; yf_logged_user=yZ7XFY3sd2sYcX5Rh; thinkphp_show_page_trace=0|0; Phpstorm-3c392d88=6c991831-9f6c-4d48-a978-7d0026ae3d18',
  'accept-language' => 'zh-CN,zh;q=0.9',
  'accept-encoding' => 'gzip, deflate, br',
  'referer' => 'http://localhost/',
  'sec-fetch-user' => '?1',
  'sec-fetch-mode' => 'navigate',
  'sec-fetch-site' => 'same-origin',
  'accept' => 'text/html,application/xhtml+xml,application/xml;q=0.9,image/webp,image/apng,*/*;q=0.8,application/signed-exchange;v=b3;q=0.9',
  'sec-fetch-dest' => 'document',
  'user-agent' => 'Mozilla/5.0 (Windows NT 10.0; WOW64) AppleWebKit/537.36 (KHTML, like Gecko) Chrome/80.0.3987.100 Safari/537.36',
  'upgrade-insecure-requests' => '1',
  'connection' => 'close',
  'host' => 'localhost',
)
[ info ] [ PARAM ] array (
)
[ info ] [ BEHAVIOR ] Run app\common\behavior\WebLog @module_init [ RunTime:0.000301s ]
[ info ] [ DB ] INIT mysql
[ info ] [ SESSION ] INIT array (
  'id' => '',
  'var_session_id' => '',
  'prefix' => 'think',
  'type' => '',
  'auto_start' => true,
)
[ info ] [ CACHE ] INIT File
[ info ] [ BEHAVIOR ] Run Closure @action_begin [ RunTime:0.001703s ]
[ info ] [ RUN ] app\admin\controller\BasicInformation->index[ D:\phpstudy\WWW\ublcrm_zmyz\app\admin\controller\BasicInformation.php ]
[ info ] [ VIEW ] D:\phpstudy\WWW\ublcrm_zmyz/app/admin\view\basic_information\index.html [ array (
  0 => 'lang',
  1 => 'menus',
  2 => 'menus_curr',
  3 => 'menus_child',
  4 => 'id_curr',
  5 => 'admin_avatar',
  6 => 'domain',
  7 => 'group_id',
  8 => 'opentype_check',
  9 => 'data',
  10 => 'page',
  11 => 'search_name',
) ]
[ info ] [ BEHAVIOR ] Run app\admin\behavior\Cron @app_end [ RunTime:0.001745s ]
[ info ] [ LOG ] INIT File
[ sql ] [ DB ] CONNECT:[ UseTime:0.010927s ] mysql:host=127.0.0.1;port=3306;dbname=ublcrm;charset=utf8
[ sql ] [ SQL ] SHOW COLUMNS FROM `ubl_auth_rule` [ RunTime:0.001112s ]
[ sql ] [ SQL ] SELECT `id` FROM `ubl_auth_rule` WHERE  `name` = 'admin/BasicInformation/index' ORDER BY `level` DESC,`sort` LIMIT 1 [ RunTime:0.000487s ]
[ sql ] [ SQL ] SELECT `id`,`pid` FROM `ubl_auth_rule` ORDER BY `level` DESC,`sort` [ RunTime:0.000689s ]
[ sql ] [ SQL ] SELECT `id` FROM `ubl_auth_rule` WHERE  `name` = 'admin/BasicInformation/index'  AND `status` = 1 ORDER BY `level` DESC,`sort` LIMIT 1 [ RunTime:0.000401s ]
[ sql ] [ SQL ] SELECT `pid` FROM `ubl_auth_rule` WHERE  `id` = 328 LIMIT 1 [ RunTime:0.000309s ]
[ sql ] [ SQL ] SELECT * FROM `ubl_auth_rule` WHERE  `status` = 1  AND `pid` = 327 ORDER BY `sort` [ RunTime:0.000432s ]
[ sql ] [ SQL ] SHOW COLUMNS FROM `ubl_auth_group_access` [ RunTime:0.001091s ]
[ sql ] [ SQL ] SELECT * FROM `ubl_auth_group_access` WHERE  `uid` = 1 LIMIT 1 [ RunTime:0.000898s ]
[ sql ] [ SQL ] SHOW COLUMNS FROM `ubl_basic_information` [ RunTime:0.000662s ]
[ sql ] [ SQL ] SELECT COUNT(*) AS tp_count FROM `ubl_basic_information` LIMIT 1 [ RunTime:0.000300s ]
[ sql ] [ SQL ] SELECT * FROM `ubl_basic_information` ORDER BY `id` DESC LIMIT 0,10 [ RunTime:0.000628s ]
---------------------------------------------------------------
[ 2020-04-14T16:20:14+08:00 ] 0.0.0.0 GET localhost/admin/basic_information//id/15.html
[运行时间：0.191044s] [吞吐率：5.23req/s] [内存消耗：4,444.60kb] [文件加载：75]
[ info ] [ LANG ] D:\phpstudy\WWW\ublcrm_zmyz\thinkphp\lang\zh-cn.php
[ info ] [ LANG ] D:\phpstudy\WWW\ublcrm_zmyz/app/lang\zh-cn.php
[ info ] [ ROUTE ] array (
  'type' => 'module',
  'module' => 
  array (
    0 => 'admin',
    1 => 'basic_information',
    2 => 'id',
  ),
)
[ info ] [ HEADER ] array (
  'cookie' => 'thinkphp_show_page_trace=0|0; PHPSESSID=kce1p2m47cetm2l3ksohlo3es5; yf_logged_user=yZ7XFY3sd2sYcX5Rh; thinkphp_show_page_trace=0|0; Phpstorm-3c392d88=6c991831-9f6c-4d48-a978-7d0026ae3d18',
  'accept-language' => 'zh-CN,zh;q=0.9',
  'accept-encoding' => 'gzip, deflate, br',
  'referer' => 'http://localhost/admin/basic_information/index.html',
  'sec-fetch-user' => '?1',
  'sec-fetch-mode' => 'navigate',
  'sec-fetch-site' => 'same-origin',
  'accept' => 'text/html,application/xhtml+xml,application/xml;q=0.9,image/webp,image/apng,*/*;q=0.8,application/signed-exchange;v=b3;q=0.9',
  'sec-fetch-dest' => 'document',
  'user-agent' => 'Mozilla/5.0 (Windows NT 10.0; WOW64) AppleWebKit/537.36 (KHTML, like Gecko) Chrome/80.0.3987.100 Safari/537.36',
  'upgrade-insecure-requests' => '1',
  'connection' => 'close',
  'host' => 'localhost',
)
[ info ] [ PARAM ] array (
)
[ info ] [ BEHAVIOR ] Run app\common\behavior\WebLog @module_init [ RunTime:0.000557s ]
[ info ] [ DB ] INIT mysql
[ info ] [ SESSION ] INIT array (
  'id' => '',
  'var_session_id' => '',
  'prefix' => 'think',
  'type' => '',
  'auto_start' => true,
)
[ info ] [ CACHE ] INIT File
[ info ] [ BEHAVIOR ] Run Closure @action_begin [ RunTime:0.003547s ]
[ info ] [ RUN ] app\common\controller\Common->_empty[ D:\phpstudy\WWW\ublcrm_zmyz\app\common\controller\Common.php ]
[ info ] [ VIEW ] D:\phpstudy\WWW\ublcrm_zmyz\thinkphp\tpl\dispatch_jump.tpl [ array (
  0 => 'lang',
  1 => 'menus',
  2 => 'menus_curr',
  3 => 'menus_child',
  4 => 'id_curr',
  5 => 'admin_avatar',
  6 => 'code',
  7 => 'msg',
  8 => 'data',
  9 => 'url',
  10 => 'wait',
) ]
[ info ] [ BEHAVIOR ] Run app\admin\behavior\Cron @app_end [ RunTime:0.003199s ]
[ info ] [ LOG ] INIT File
[ sql ] [ DB ] CONNECT:[ UseTime:0.051886s ] mysql:host=127.0.0.1;port=3306;dbname=ublcrm;charset=utf8
[ sql ] [ SQL ] SHOW COLUMNS FROM `ubl_auth_rule` [ RunTime:0.040256s ]
[ sql ] [ SQL ] SELECT `id` FROM `ubl_auth_rule` WHERE  `name` = 'admin/BasicInformation/id' ORDER BY `level` DESC,`sort` LIMIT 1 [ RunTime:0.007696s ]
[ sql ] [ SQL ] SELECT `id` FROM `ubl_auth_rule` WHERE  `name` = 'admin/BasicInformation/id' ORDER BY `level` DESC,`sort` LIMIT 1 [ RunTime:0.000559s ]
[ sql ] [ SQL ] SELECT `id` FROM `ubl_auth_rule` WHERE  `name` = 'admin/BasicInformation/id'  AND `status` = 1 ORDER BY `level` DESC,`sort` LIMIT 1 [ RunTime:0.001074s ]
[ sql ] [ SQL ] SELECT `id` FROM `ubl_auth_rule` WHERE  `name` = 'admin/BasicInformation/id'  AND `status` = 1 ORDER BY `level` DESC,`sort` LIMIT 1 [ RunTime:0.000445s ]
[ sql ] [ SQL ] SELECT `pid` FROM `ubl_auth_rule` WHERE  `id` = 0 LIMIT 1 [ RunTime:0.000383s ]
[ sql ] [ SQL ] SELECT * FROM `ubl_auth_rule` WHERE  `status` = 1  AND `pid` IS NULL ORDER BY `sort` [ RunTime:0.000408s ]
---------------------------------------------------------------
[ 2020-04-14T16:20:17+08:00 ] 0.0.0.0 GET localhost/admin/basic_information/index.html
[运行时间：0.074747s] [吞吐率：13.38req/s] [内存消耗：4,707.60kb] [文件加载：79]
[ info ] [ LANG ] D:\phpstudy\WWW\ublcrm_zmyz\thinkphp\lang\zh-cn.php
[ info ] [ LANG ] D:\phpstudy\WWW\ublcrm_zmyz/app/lang\zh-cn.php
[ info ] [ ROUTE ] array (
  'type' => 'module',
  'module' => 
  array (
    0 => 'admin',
    1 => 'basic_information',
    2 => 'index',
  ),
)
[ info ] [ HEADER ] array (
  'cookie' => 'thinkphp_show_page_trace=0|0; PHPSESSID=kce1p2m47cetm2l3ksohlo3es5; yf_logged_user=yZ7XFY3sd2sYcX5Rh; thinkphp_show_page_trace=0|0; Phpstorm-3c392d88=6c991831-9f6c-4d48-a978-7d0026ae3d18',
  'accept-language' => 'zh-CN,zh;q=0.9',
  'accept-encoding' => 'gzip, deflate, br',
  'referer' => 'http://localhost/',
  'sec-fetch-mode' => 'navigate',
  'sec-fetch-site' => 'same-origin',
  'accept' => 'text/html,application/xhtml+xml,application/xml;q=0.9,image/webp,image/apng,*/*;q=0.8,application/signed-exchange;v=b3;q=0.9',
  'sec-fetch-dest' => 'document',
  'user-agent' => 'Mozilla/5.0 (Windows NT 10.0; WOW64) AppleWebKit/537.36 (KHTML, like Gecko) Chrome/80.0.3987.100 Safari/537.36',
  'upgrade-insecure-requests' => '1',
  'connection' => 'close',
  'host' => 'localhost',
)
[ info ] [ PARAM ] array (
)
[ info ] [ BEHAVIOR ] Run app\common\behavior\WebLog @module_init [ RunTime:0.000317s ]
[ info ] [ DB ] INIT mysql
[ info ] [ SESSION ] INIT array (
  'id' => '',
  'var_session_id' => '',
  'prefix' => 'think',
  'type' => '',
  'auto_start' => true,
)
[ info ] [ CACHE ] INIT File
[ info ] [ BEHAVIOR ] Run Closure @action_begin [ RunTime:0.001853s ]
[ info ] [ RUN ] app\admin\controller\BasicInformation->index[ D:\phpstudy\WWW\ublcrm_zmyz\app\admin\controller\BasicInformation.php ]
[ info ] [ VIEW ] D:\phpstudy\WWW\ublcrm_zmyz/app/admin\view\basic_information\index.html [ array (
  0 => 'lang',
  1 => 'menus',
  2 => 'menus_curr',
  3 => 'menus_child',
  4 => 'id_curr',
  5 => 'admin_avatar',
  6 => 'domain',
  7 => 'group_id',
  8 => 'opentype_check',
  9 => 'data',
  10 => 'page',
  11 => 'search_name',
) ]
[ info ] [ BEHAVIOR ] Run app\admin\behavior\Cron @app_end [ RunTime:0.001635s ]
[ info ] [ LOG ] INIT File
[ sql ] [ DB ] CONNECT:[ UseTime:0.010948s ] mysql:host=127.0.0.1;port=3306;dbname=ublcrm;charset=utf8
[ sql ] [ SQL ] SHOW COLUMNS FROM `ubl_auth_rule` [ RunTime:0.001341s ]
[ sql ] [ SQL ] SELECT `id` FROM `ubl_auth_rule` WHERE  `name` = 'admin/BasicInformation/index' ORDER BY `level` DESC,`sort` LIMIT 1 [ RunTime:0.000579s ]
[ sql ] [ SQL ] SELECT `id`,`pid` FROM `ubl_auth_rule` ORDER BY `level` DESC,`sort` [ RunTime:0.000728s ]
[ sql ] [ SQL ] SELECT `id` FROM `ubl_auth_rule` WHERE  `name` = 'admin/BasicInformation/index'  AND `status` = 1 ORDER BY `level` DESC,`sort` LIMIT 1 [ RunTime:0.000538s ]
[ sql ] [ SQL ] SELECT `pid` FROM `ubl_auth_rule` WHERE  `id` = 328 LIMIT 1 [ RunTime:0.000429s ]
[ sql ] [ SQL ] SELECT * FROM `ubl_auth_rule` WHERE  `status` = 1  AND `pid` = 327 ORDER BY `sort` [ RunTime:0.000441s ]
[ sql ] [ SQL ] SHOW COLUMNS FROM `ubl_auth_group_access` [ RunTime:0.001043s ]
[ sql ] [ SQL ] SELECT * FROM `ubl_auth_group_access` WHERE  `uid` = 1 LIMIT 1 [ RunTime:0.001805s ]
[ sql ] [ SQL ] SHOW COLUMNS FROM `ubl_basic_information` [ RunTime:0.001176s ]
[ sql ] [ SQL ] SELECT COUNT(*) AS tp_count FROM `ubl_basic_information` LIMIT 1 [ RunTime:0.002175s ]
[ sql ] [ SQL ] SELECT * FROM `ubl_basic_information` ORDER BY `id` DESC LIMIT 0,10 [ RunTime:0.000363s ]
