---------------------------------------------------------------
[ 2020-04-21T16:15:46+08:00 ] 192.168.1.165 GET 192.168.1.165/
[ info ] [ LANG ] D:\phpstudy\WWW\ublcrm_zmyz\thinkphp\lang\zh-cn.php
[ info ] [ LANG ] D:\phpstudy\WWW\ublcrm_zmyz/app/lang\zh-cn.php
[ info ] [ ROUTE ] array (
  'type' => 'module',
  'module' => 
  array (
    0 => 'admin',
    1 => 'Index',
    2 => 'index',
  ),
  'convert' => false,
)
[ info ] [ HEADER ] array (
  'accept-language' => 'zh-CN,zh;q=0.9',
  'accept-encoding' => 'gzip, deflate',
  'accept' => 'text/html,application/xhtml+xml,application/xml;q=0.9,image/webp,image/apng,*/*;q=0.8,application/signed-exchange;v=b3;q=0.9',
  'user-agent' => 'Mozilla/5.0 (Windows NT 10.0; WOW64) AppleWebKit/537.36 (KHTML, like Gecko) Chrome/80.0.3987.100 Safari/537.36',
  'upgrade-insecure-requests' => '1',
  'connection' => 'close',
  'host' => '192.168.1.165',
)
[ info ] [ PARAM ] array (
)
[ info ] [ BEHAVIOR ] Run app\common\behavior\WebLog @module_init [ RunTime:0.000650s ]
[ info ] [ DB ] INIT mysql
[ info ] [ SESSION ] INIT array (
  'id' => '',
  'var_session_id' => '',
  'prefix' => 'think',
  'type' => '',
  'auto_start' => true,
)
[ log ] Cron:clearlog Runat 2020-04-21 16:15:46 Use 0.000493 s

---------------------------------------------------------------
[ 2020-04-21T16:15:47+08:00 ] 192.168.1.165 GET 192.168.1.165/
[运行时间：0.070617s] [吞吐率：14.16req/s] [内存消耗：4,180.30kb] [文件加载：72]
[ info ] [ BEHAVIOR ] Run app\admin\behavior\Cron @app_end [ RunTime:0.006224s ]
---------------------------------------------------------------
[ 2020-04-21T16:15:47+08:00 ] 192.168.1.165 GET 192.168.1.165/admin/login/login.html
[运行时间：0.041989s] [吞吐率：23.82req/s] [内存消耗：4,348.20kb] [文件加载：77]
[ info ] [ LANG ] D:\phpstudy\WWW\ublcrm_zmyz\thinkphp\lang\zh-cn.php
[ info ] [ LANG ] D:\phpstudy\WWW\ublcrm_zmyz/app/lang\zh-cn.php
[ info ] [ ROUTE ] array (
  'type' => 'module',
  'module' => 
  array (
    0 => 'admin',
    1 => 'login',
    2 => 'login',
  ),
)
[ info ] [ HEADER ] array (
  'cookie' => 'PHPSESSID=sbget7gjotf27usq8j9auahhi1',
  'accept-language' => 'zh-CN,zh;q=0.9',
  'accept-encoding' => 'gzip, deflate',
  'accept' => 'text/html,application/xhtml+xml,application/xml;q=0.9,image/webp,image/apng,*/*;q=0.8,application/signed-exchange;v=b3;q=0.9',
  'user-agent' => 'Mozilla/5.0 (Windows NT 10.0; WOW64) AppleWebKit/537.36 (KHTML, like Gecko) Chrome/80.0.3987.100 Safari/537.36',
  'upgrade-insecure-requests' => '1',
  'connection' => 'close',
  'host' => '192.168.1.165',
)
[ info ] [ PARAM ] array (
)
[ info ] [ BEHAVIOR ] Run app\common\behavior\WebLog @module_init [ RunTime:0.000324s ]
[ info ] [ CACHE ] INIT File
[ info ] [ BEHAVIOR ] Run Closure @action_begin [ RunTime:0.005069s ]
[ info ] [ RUN ] app\admin\controller\Login->login[ D:\phpstudy\WWW\ublcrm_zmyz\app\admin\controller\Login.php ]
[ info ] [ DB ] INIT mysql
[ info ] [ SESSION ] INIT array (
  'id' => '',
  'var_session_id' => '',
  'prefix' => 'think',
  'type' => '',
  'auto_start' => true,
)
[ info ] [ VIEW ] D:\phpstudy\WWW\ublcrm_zmyz/app/admin\view\login\login.html [ array (
  0 => 'lang',
) ]
[ info ] [ BEHAVIOR ] Run app\admin\behavior\Cron @app_end [ RunTime:0.001668s ]
[ info ] [ LOG ] INIT File
---------------------------------------------------------------
[ 2020-04-21T16:15:47+08:00 ] 192.168.1.165 GET 192.168.1.165/admin/login/verify.html
[运行时间：0.071665s] [吞吐率：13.95req/s] [内存消耗：4,304.82kb] [文件加载：75]
[ info ] [ LANG ] D:\phpstudy\WWW\ublcrm_zmyz\thinkphp\lang\zh-cn.php
[ info ] [ LANG ] D:\phpstudy\WWW\ublcrm_zmyz/app/lang\zh-cn.php
[ info ] [ ROUTE ] array (
  'type' => 'module',
  'module' => 
  array (
    0 => 'admin',
    1 => 'login',
    2 => 'verify',
  ),
)
[ info ] [ HEADER ] array (
  'cookie' => 'PHPSESSID=sbget7gjotf27usq8j9auahhi1',
  'accept-language' => 'zh-CN,zh;q=0.9',
  'accept-encoding' => 'gzip, deflate',
  'referer' => 'http://192.168.1.165/admin/login/login.html',
  'accept' => 'image/webp,image/apng,image/*,*/*;q=0.8',
  'user-agent' => 'Mozilla/5.0 (Windows NT 10.0; WOW64) AppleWebKit/537.36 (KHTML, like Gecko) Chrome/80.0.3987.100 Safari/537.36',
  'connection' => 'close',
  'host' => '192.168.1.165',
)
[ info ] [ PARAM ] array (
)
[ info ] [ BEHAVIOR ] Run app\common\behavior\WebLog @module_init [ RunTime:0.000360s ]
[ info ] [ CACHE ] INIT File
[ info ] [ BEHAVIOR ] Run Closure @action_begin [ RunTime:0.004253s ]
[ info ] [ RUN ] app\admin\controller\Login->verify[ D:\phpstudy\WWW\ublcrm_zmyz\app\admin\controller\Login.php ]
[ info ] [ DB ] INIT mysql
[ info ] [ SESSION ] INIT array (
  'id' => '',
  'var_session_id' => '',
  'prefix' => 'think',
  'type' => '',
  'auto_start' => true,
)
[ info ] [ BEHAVIOR ] Run app\admin\behavior\Cron @app_end [ RunTime:0.002751s ]
[ info ] [ LOG ] INIT File
---------------------------------------------------------------
[ 2020-04-21T16:15:47+08:00 ] 192.168.1.165 GET 192.168.1.165/geetest.html?t=1587456947216
[运行时间：0.202361s] [吞吐率：4.94req/s] [内存消耗：2,343.38kb] [文件加载：52]
[ info ] [ LANG ] D:\phpstudy\WWW\ublcrm_zmyz\thinkphp\lang\zh-cn.php
[ info ] [ LANG ] D:\phpstudy\WWW\ublcrm_zmyz/app/lang\zh-cn.php
[ info ] [ ROUTE ] array (
  'type' => 'method',
  'method' => 
  array (
    0 => '\\think\\geetest\\GeetestController',
    1 => 'index',
  ),
  'var' => 
  array (
  ),
)
[ info ] [ HEADER ] array (
  'cookie' => 'PHPSESSID=sbget7gjotf27usq8j9auahhi1',
  'accept-language' => 'zh-CN,zh;q=0.9',
  'accept-encoding' => 'gzip, deflate',
  'referer' => 'http://192.168.1.165/admin/login/login.html',
  'user-agent' => 'Mozilla/5.0 (Windows NT 10.0; WOW64) AppleWebKit/537.36 (KHTML, like Gecko) Chrome/80.0.3987.100 Safari/537.36',
  'x-requested-with' => 'XMLHttpRequest',
  'accept' => 'application/json, text/javascript, */*; q=0.01',
  'connection' => 'close',
  'host' => '192.168.1.165',
)
[ info ] [ PARAM ] array (
  't' => '1587456947216',
  'id' => '',
)
[ info ] [ RUN ] think\geetest\GeetestController->index[ D:\phpstudy\WWW\ublcrm_zmyz\vendor\yfcmf\geetest\src\GeetestController.php ]
[ info ] [ SESSION ] INIT array (
  'id' => '',
  'var_session_id' => '',
  'prefix' => 'think',
  'type' => '',
  'auto_start' => true,
)
[ info ] [ BEHAVIOR ] Run app\admin\behavior\Cron @app_end [ RunTime:0.002516s ]
[ info ] [ LOG ] INIT File
---------------------------------------------------------------
[ 2020-04-21T16:15:57+08:00 ] 192.168.1.165 POST 192.168.1.165/admin/login/runlogin.html
[运行时间：0.254657s] [吞吐率：3.93req/s] [内存消耗：8,900.79kb] [文件加载：98]
[ info ] [ LANG ] D:\phpstudy\WWW\ublcrm_zmyz\thinkphp\lang\zh-cn.php
[ info ] [ LANG ] D:\phpstudy\WWW\ublcrm_zmyz/app/lang\zh-cn.php
[ info ] [ ROUTE ] array (
  'type' => 'module',
  'module' => 
  array (
    0 => 'admin',
    1 => 'login',
    2 => 'runlogin',
  ),
)
[ info ] [ HEADER ] array (
  'cookie' => 'thinkphp_show_page_trace=0|0; PHPSESSID=sbget7gjotf27usq8j9auahhi1',
  'accept-language' => 'zh-CN,zh;q=0.9',
  'accept-encoding' => 'gzip, deflate',
  'referer' => 'http://192.168.1.165/admin/login/login.html',
  'origin' => 'http://192.168.1.165',
  'content-type' => 'application/x-www-form-urlencoded; charset=UTF-8',
  'user-agent' => 'Mozilla/5.0 (Windows NT 10.0; WOW64) AppleWebKit/537.36 (KHTML, like Gecko) Chrome/80.0.3987.100 Safari/537.36',
  'x-requested-with' => 'XMLHttpRequest',
  'accept' => 'application/json, text/javascript, */*; q=0.01',
  'content-length' => '49',
  'connection' => 'close',
  'host' => '192.168.1.165',
)
[ info ] [ PARAM ] array (
  'admin_username' => 'admin',
  'admin_pwd' => 'admin',
  'verify' => 'hmkcy',
)
[ info ] [ SESSION ] INIT array (
  'id' => '',
  'var_session_id' => '',
  'prefix' => 'think',
  'type' => '',
  'auto_start' => true,
)
[ info ] [ DB ] INIT mysql
[ info ] [ BEHAVIOR ] Run app\common\behavior\WebLog @module_init [ RunTime:0.176470s ]
[ info ] [ CACHE ] INIT File
[ info ] [ BEHAVIOR ] Run Closure @action_begin [ RunTime:0.003357s ]
[ info ] [ RUN ] app\admin\controller\Login->runlogin[ D:\phpstudy\WWW\ublcrm_zmyz\app\admin\controller\Login.php ]
[ info ] [ BEHAVIOR ] Run app\admin\behavior\Cron @app_end [ RunTime:0.001691s ]
[ info ] [ LOG ] INIT File
[ sql ] [ DB ] CONNECT:[ UseTime:0.028935s ] mysql:host=127.0.0.1;port=3306;dbname=ublcrm;charset=utf8
[ sql ] [ SQL ] SHOW COLUMNS FROM `ubl_web_log` [ RunTime:0.083920s ]
[ sql ] [ SQL ] INSERT INTO `ubl_web_log` (`uid` , `ip` , `location` , `os` , `browser` , `url` , `module` , `controller` , `action` , `method` , `data` , `otime`) VALUES (0 , '192.168.1.165' , '局域网 局域网  ' , 'Windows 98' , 'Chrome(80.0.3987.100)' , '/admin/login/runlogin.html' , 'admin' , 'Login' , 'runlogin' , 'Ajax' , 's:12:\"保密数据\";' , 1587456957) [ RunTime:0.008370s ]
[ sql ] [ SQL ] SHOW COLUMNS FROM `ubl_admin` [ RunTime:0.013873s ]
[ sql ] [ SQL ] SELECT * FROM `ubl_admin` WHERE  `admin_username` = 'admin'  AND `admin_open` = 1 LIMIT 1 [ RunTime:0.007649s ]
[ sql ] [ SQL ] UPDATE `ubl_admin`  SET `admin_hits`=21,`admin_last_ip`='192.168.1.165',`admin_last_time`=1587456957  WHERE  `admin_id` = 1 [ RunTime:0.008135s ]
[ sql ] [ SQL ] SELECT * FROM `ubl_admin` WHERE  `admin_id` = 1 LIMIT 1 [ RunTime:0.001308s ]
[ sql ] [ SQL ] SHOW COLUMNS FROM `ubl_member_list` [ RunTime:0.013526s ]
[ sql ] [ SQL ] SELECT * FROM `ubl_member_list` WHERE  `member_list_id` = 1 LIMIT 1 [ RunTime:0.000960s ]
---------------------------------------------------------------
[ 2020-04-21T16:15:58+08:00 ] 192.168.1.165 GET 192.168.1.165/
[运行时间：0.118773s] [吞吐率：8.42req/s] [内存消耗：5,730.38kb] [文件加载：83]
[ info ] [ LANG ] D:\phpstudy\WWW\ublcrm_zmyz\thinkphp\lang\zh-cn.php
[ info ] [ LANG ] D:\phpstudy\WWW\ublcrm_zmyz/app/lang\zh-cn.php
[ info ] [ ROUTE ] array (
  'type' => 'module',
  'module' => 
  array (
    0 => 'admin',
    1 => 'Index',
    2 => 'index',
  ),
  'convert' => false,
)
[ info ] [ HEADER ] array (
  'cookie' => 'PHPSESSID=sbget7gjotf27usq8j9auahhi1; yf_logged_user=tEH-CSKo6YJMRUYZU',
  'accept-language' => 'zh-CN,zh;q=0.9',
  'accept-encoding' => 'gzip, deflate',
  'referer' => 'http://192.168.1.165/admin/login/login.html',
  'accept' => 'text/html,application/xhtml+xml,application/xml;q=0.9,image/webp,image/apng,*/*;q=0.8,application/signed-exchange;v=b3;q=0.9',
  'user-agent' => 'Mozilla/5.0 (Windows NT 10.0; WOW64) AppleWebKit/537.36 (KHTML, like Gecko) Chrome/80.0.3987.100 Safari/537.36',
  'upgrade-insecure-requests' => '1',
  'connection' => 'close',
  'host' => '192.168.1.165',
)
[ info ] [ PARAM ] array (
)
[ info ] [ BEHAVIOR ] Run app\common\behavior\WebLog @module_init [ RunTime:0.000397s ]
[ info ] [ DB ] INIT mysql
[ info ] [ SESSION ] INIT array (
  'id' => '',
  'var_session_id' => '',
  'prefix' => 'think',
  'type' => '',
  'auto_start' => true,
)
[ info ] [ CACHE ] INIT File
[ info ] [ BEHAVIOR ] Run Closure @action_begin [ RunTime:0.001715s ]
[ info ] [ RUN ] app\admin\controller\Index->index[ D:\phpstudy\WWW\ublcrm_zmyz\app\admin\controller\Index.php ]
[ info ] [ VIEW ] D:\phpstudy\WWW\ublcrm_zmyz/app/admin\view\index\index.html [ array (
  0 => 'lang',
  1 => 'menus',
  2 => 'menus_curr',
  3 => 'menus_child',
  4 => 'id_curr',
  5 => 'admin_avatar',
  6 => 'news_list',
  7 => 'news_count',
  8 => 'members_count',
  9 => 'sugs_count',
  10 => 'coms_count',
  11 => 'tonews_count',
  12 => 'ztnews_count',
  13 => 'difday',
  14 => 'tomembers_count',
  15 => 'ztmembers_count',
  16 => 'difday_m',
  17 => 'tosugs_count',
  18 => 'ztsugs_count',
  19 => 'difday_s',
  20 => 'tocoms_count',
  21 => 'ztcoms_count',
  22 => 'difday_c',
) ]
[ info ] [ VIEW ] D:\phpstudy\WWW\ublcrm_zmyz\addons\maintain\maintain.html [ array (
  0 => 'danger_mode_debug',
  1 => 'weak_setting_db_password',
  2 => 'weak_setting_admin_last_change_password',
  3 => 'system_safe',
  4 => 'system_pageshow',
  5 => 'log_size',
  6 => 'log_file_cnt',
) ]
[ info ] [ BEHAVIOR ] Run \addons\maintain\Maintain @maintain [ RunTime:0.015080s ]
[ info ] [ BEHAVIOR ] Run app\admin\behavior\Cron @app_end [ RunTime:0.002061s ]
[ info ] [ LOG ] INIT File
[ sql ] [ DB ] CONNECT:[ UseTime:0.002966s ] mysql:host=127.0.0.1;port=3306;dbname=ublcrm;charset=utf8
[ sql ] [ SQL ] SHOW COLUMNS FROM `ubl_auth_rule` [ RunTime:0.006324s ]
[ sql ] [ SQL ] SELECT `id`,`pid` FROM `ubl_auth_rule` ORDER BY `level` DESC,`sort` [ RunTime:0.001963s ]
[ sql ] [ SQL ] SELECT `pid` FROM `ubl_auth_rule` WHERE  `id` = -1 LIMIT 1 [ RunTime:0.000541s ]
[ sql ] [ SQL ] SELECT * FROM `ubl_auth_rule` WHERE  `status` = 1  AND `pid` IS NULL ORDER BY `sort` [ RunTime:0.000626s ]
[ sql ] [ SQL ] SHOW COLUMNS FROM `ubl_news` [ RunTime:0.005501s ]
[ sql ] [ SQL ] SELECT * FROM `ubl_news` WHERE  `news_l` = 'zh-cn' ORDER BY `news_hits` DESC LIMIT 0,10 [ RunTime:0.003173s ]
[ sql ] [ SQL ] SELECT COUNT(*) AS tp_count FROM `ubl_news` LIMIT 1 [ RunTime:0.002714s ]
[ sql ] [ SQL ] SHOW COLUMNS FROM `ubl_member_list` [ RunTime:0.002612s ]
[ sql ] [ SQL ] SELECT COUNT(*) AS tp_count FROM `ubl_member_list` LIMIT 1 [ RunTime:0.000187s ]
[ sql ] [ SQL ] SHOW COLUMNS FROM `ubl_plug_sug` [ RunTime:0.003119s ]
[ sql ] [ SQL ] SELECT COUNT(*) AS tp_count FROM `ubl_plug_sug` LIMIT 1 [ RunTime:0.000298s ]
[ sql ] [ SQL ] SHOW COLUMNS FROM `ubl_comments` [ RunTime:0.003362s ]
[ sql ] [ SQL ] SELECT COUNT(*) AS tp_count FROM `ubl_comments` LIMIT 1 [ RunTime:0.000374s ]
[ sql ] [ SQL ] SELECT COUNT(*) AS tp_count FROM `ubl_news` WHERE  `news_time` BETWEEN 1587398400 AND 1587484799 LIMIT 1 [ RunTime:0.001276s ]
[ sql ] [ SQL ] SELECT COUNT(*) AS tp_count FROM `ubl_news` WHERE  `news_time` BETWEEN 1587312000 AND 1587398399 LIMIT 1 [ RunTime:0.000497s ]
[ sql ] [ SQL ] SELECT COUNT(*) AS tp_count FROM `ubl_member_list` WHERE  `member_list_addtime` BETWEEN 1587398400 AND 1587484799 LIMIT 1 [ RunTime:0.000317s ]
[ sql ] [ SQL ] SELECT COUNT(*) AS tp_count FROM `ubl_member_list` WHERE  `member_list_addtime` BETWEEN 1587312000 AND 1587398399 LIMIT 1 [ RunTime:0.000295s ]
[ sql ] [ SQL ] SELECT COUNT(*) AS tp_count FROM `ubl_plug_sug` WHERE  `plug_sug_addtime` BETWEEN 1587398400 AND 1587484799 LIMIT 1 [ RunTime:0.000287s ]
[ sql ] [ SQL ] SELECT COUNT(*) AS tp_count FROM `ubl_plug_sug` WHERE  `plug_sug_addtime` BETWEEN 1587312000 AND 1587398399 LIMIT 1 [ RunTime:0.000310s ]
[ sql ] [ SQL ] SELECT COUNT(*) AS tp_count FROM `ubl_comments` WHERE  `createtime` BETWEEN 1587398400 AND 1587484799 LIMIT 1 [ RunTime:0.000296s ]
[ sql ] [ SQL ] SELECT COUNT(*) AS tp_count FROM `ubl_comments` WHERE  `createtime` BETWEEN 1587312000 AND 1587398399 LIMIT 1 [ RunTime:0.000315s ]
---------------------------------------------------------------
[ 2020-04-21T16:16:31+08:00 ] 192.168.1.105 GET 192.168.1.165/
[运行时间：0.036153s] [吞吐率：27.66req/s] [内存消耗：4,182.87kb] [文件加载：71]
[ info ] [ LANG ] D:\phpstudy\WWW\ublcrm_zmyz\thinkphp\lang\zh-cn.php
[ info ] [ LANG ] D:\phpstudy\WWW\ublcrm_zmyz/app/lang\zh-cn.php
[ info ] [ ROUTE ] array (
  'type' => 'module',
  'module' => 
  array (
    0 => 'admin',
    1 => 'Index',
    2 => 'index',
  ),
  'convert' => false,
)
[ info ] [ HEADER ] array (
  'connection' => 'close',
  'host' => '192.168.1.165',
  'accept-encoding' => 'gzip, deflate',
  'user-agent' => 'Mozilla/5.0 (Windows NT 10.0; Win64; x64) AppleWebKit/537.36 (KHTML, like Gecko) Chrome/70.0.3538.102 Safari/537.36 Edge/18.18362',
  'upgrade-insecure-requests' => '1',
  'accept-language' => 'zh-Hans-CN,zh-Hans;q=0.5',
  'accept' => 'text/html,application/xhtml+xml,application/xml;q=0.9,*/*;q=0.8',
)
[ info ] [ PARAM ] array (
)
[ info ] [ BEHAVIOR ] Run app\common\behavior\WebLog @module_init [ RunTime:0.000301s ]
[ info ] [ DB ] INIT mysql
[ info ] [ SESSION ] INIT array (
  'id' => '',
  'var_session_id' => '',
  'prefix' => 'think',
  'type' => '',
  'auto_start' => true,
)
[ info ] [ BEHAVIOR ] Run app\admin\behavior\Cron @app_end [ RunTime:0.001646s ]
[ info ] [ LOG ] INIT File
---------------------------------------------------------------
[ 2020-04-21T16:16:31+08:00 ] 192.168.1.105 GET 192.168.1.165/admin/login/login.html
[运行时间：0.050324s] [吞吐率：19.87req/s] [内存消耗：4,348.30kb] [文件加载：77]
[ info ] [ LANG ] D:\phpstudy\WWW\ublcrm_zmyz\thinkphp\lang\zh-cn.php
[ info ] [ LANG ] D:\phpstudy\WWW\ublcrm_zmyz/app/lang\zh-cn.php
[ info ] [ ROUTE ] array (
  'type' => 'module',
  'module' => 
  array (
    0 => 'admin',
    1 => 'login',
    2 => 'login',
  ),
)
[ info ] [ HEADER ] array (
  'cookie' => 'PHPSESSID=5tvem600e9vn8vqhpqkljqutf1',
  'connection' => 'close',
  'host' => '192.168.1.165',
  'accept-encoding' => 'gzip, deflate',
  'user-agent' => 'Mozilla/5.0 (Windows NT 10.0; Win64; x64) AppleWebKit/537.36 (KHTML, like Gecko) Chrome/70.0.3538.102 Safari/537.36 Edge/18.18362',
  'upgrade-insecure-requests' => '1',
  'accept-language' => 'zh-Hans-CN,zh-Hans;q=0.5',
  'accept' => 'text/html,application/xhtml+xml,application/xml;q=0.9,*/*;q=0.8',
)
[ info ] [ PARAM ] array (
)
[ info ] [ BEHAVIOR ] Run app\common\behavior\WebLog @module_init [ RunTime:0.000426s ]
[ info ] [ CACHE ] INIT File
[ info ] [ BEHAVIOR ] Run Closure @action_begin [ RunTime:0.004304s ]
[ info ] [ RUN ] app\admin\controller\Login->login[ D:\phpstudy\WWW\ublcrm_zmyz\app\admin\controller\Login.php ]
[ info ] [ DB ] INIT mysql
[ info ] [ SESSION ] INIT array (
  'id' => '',
  'var_session_id' => '',
  'prefix' => 'think',
  'type' => '',
  'auto_start' => true,
)
[ info ] [ VIEW ] D:\phpstudy\WWW\ublcrm_zmyz/app/admin\view\login\login.html [ array (
  0 => 'lang',
) ]
[ info ] [ BEHAVIOR ] Run app\admin\behavior\Cron @app_end [ RunTime:0.002016s ]
[ info ] [ LOG ] INIT File
---------------------------------------------------------------
[ 2020-04-21T16:16:31+08:00 ] 192.168.1.105 GET 192.168.1.165/admin/login/verify.html
[运行时间：0.054071s] [吞吐率：18.49req/s] [内存消耗：4,304.75kb] [文件加载：75]
[ info ] [ LANG ] D:\phpstudy\WWW\ublcrm_zmyz\thinkphp\lang\zh-cn.php
[ info ] [ LANG ] D:\phpstudy\WWW\ublcrm_zmyz/app/lang\zh-cn.php
[ info ] [ ROUTE ] array (
  'type' => 'module',
  'module' => 
  array (
    0 => 'admin',
    1 => 'login',
    2 => 'verify',
  ),
)
[ info ] [ HEADER ] array (
  'cookie' => 'PHPSESSID=5tvem600e9vn8vqhpqkljqutf1',
  'connection' => 'close',
  'host' => '192.168.1.165',
  'user-agent' => 'Mozilla/5.0 (Windows NT 10.0; Win64; x64) AppleWebKit/537.36 (KHTML, like Gecko) Chrome/70.0.3538.102 Safari/537.36 Edge/18.18362',
  'accept-encoding' => 'gzip, deflate',
  'accept-language' => 'zh-Hans-CN,zh-Hans;q=0.5',
  'accept' => 'image/png,image/svg+xml,image/*;q=0.8,*/*;q=0.5',
  'referer' => 'http://192.168.1.165/admin/login/login.html',
)
[ info ] [ PARAM ] array (
)
[ info ] [ BEHAVIOR ] Run app\common\behavior\WebLog @module_init [ RunTime:0.000531s ]
[ info ] [ CACHE ] INIT File
[ info ] [ BEHAVIOR ] Run Closure @action_begin [ RunTime:0.003717s ]
[ info ] [ RUN ] app\admin\controller\Login->verify[ D:\phpstudy\WWW\ublcrm_zmyz\app\admin\controller\Login.php ]
[ info ] [ DB ] INIT mysql
[ info ] [ SESSION ] INIT array (
  'id' => '',
  'var_session_id' => '',
  'prefix' => 'think',
  'type' => '',
  'auto_start' => true,
)
[ info ] [ BEHAVIOR ] Run app\admin\behavior\Cron @app_end [ RunTime:0.001541s ]
[ info ] [ LOG ] INIT File
---------------------------------------------------------------
[ 2020-04-21T16:16:32+08:00 ] 192.168.1.105 GET 192.168.1.165/geetest.html?t=1587456992922
[运行时间：0.161444s] [吞吐率：6.19req/s] [内存消耗：2,343.31kb] [文件加载：52]
[ info ] [ LANG ] D:\phpstudy\WWW\ublcrm_zmyz\thinkphp\lang\zh-cn.php
[ info ] [ LANG ] D:\phpstudy\WWW\ublcrm_zmyz/app/lang\zh-cn.php
[ info ] [ ROUTE ] array (
  'type' => 'method',
  'method' => 
  array (
    0 => '\\think\\geetest\\GeetestController',
    1 => 'index',
  ),
  'var' => 
  array (
  ),
)
[ info ] [ HEADER ] array (
  'cookie' => 'PHPSESSID=5tvem600e9vn8vqhpqkljqutf1',
  'connection' => 'close',
  'host' => '192.168.1.165',
  'accept-encoding' => 'gzip, deflate',
  'x-requested-with' => 'XMLHttpRequest',
  'accept-language' => 'zh-Hans-CN,zh-Hans;q=0.5',
  'accept' => 'application/json, text/javascript, */*; q=0.01',
  'user-agent' => 'Mozilla/5.0 (Windows NT 10.0; Win64; x64) AppleWebKit/537.36 (KHTML, like Gecko) Chrome/70.0.3538.102 Safari/537.36 Edge/18.18362',
  'referer' => 'http://192.168.1.165/admin/login/login.html',
)
[ info ] [ PARAM ] array (
  't' => '1587456992922',
  'id' => '',
)
[ info ] [ RUN ] think\geetest\GeetestController->index[ D:\phpstudy\WWW\ublcrm_zmyz\vendor\yfcmf\geetest\src\GeetestController.php ]
[ info ] [ SESSION ] INIT array (
  'id' => '',
  'var_session_id' => '',
  'prefix' => 'think',
  'type' => '',
  'auto_start' => true,
)
[ info ] [ BEHAVIOR ] Run app\admin\behavior\Cron @app_end [ RunTime:0.001810s ]
[ info ] [ LOG ] INIT File
---------------------------------------------------------------
[ 2020-04-21T16:17:13+08:00 ] 192.168.1.105 POST 192.168.1.165/admin/login/runlogin.html
[运行时间：0.077047s] [吞吐率：12.98req/s] [内存消耗：8,830.80kb] [文件加载：97]
[ info ] [ LANG ] D:\phpstudy\WWW\ublcrm_zmyz\thinkphp\lang\zh-cn.php
[ info ] [ LANG ] D:\phpstudy\WWW\ublcrm_zmyz/app/lang\zh-cn.php
[ info ] [ ROUTE ] array (
  'type' => 'module',
  'module' => 
  array (
    0 => 'admin',
    1 => 'login',
    2 => 'runlogin',
  ),
)
[ info ] [ HEADER ] array (
  'cookie' => 'thinkphp_show_page_trace=0|0; PHPSESSID=5tvem600e9vn8vqhpqkljqutf1',
  'cache-control' => 'no-cache',
  'connection' => 'close',
  'content-length' => '63',
  'host' => '192.168.1.165',
  'accept-encoding' => 'gzip, deflate',
  'x-requested-with' => 'XMLHttpRequest',
  'content-type' => 'application/x-www-form-urlencoded; charset=UTF-8',
  'accept-language' => 'zh-Hans-CN,zh-Hans;q=0.5',
  'accept' => 'application/json, text/javascript, */*; q=0.01',
  'user-agent' => 'Mozilla/5.0 (Windows NT 10.0; Win64; x64) AppleWebKit/537.36 (KHTML, like Gecko) Chrome/70.0.3538.102 Safari/537.36 Edge/18.18362',
  'referer' => 'http://192.168.1.165/admin/login/login.html',
  'origin' => 'http://192.168.1.165',
)
[ info ] [ PARAM ] array (
  'admin_username' => 'admin',
  'admin_pwd' => 'adimn',
  'verify' => '5rw5c',
  'rememberme' => 'on',
)
[ info ] [ SESSION ] INIT array (
  'id' => '',
  'var_session_id' => '',
  'prefix' => 'think',
  'type' => '',
  'auto_start' => true,
)
[ info ] [ DB ] INIT mysql
[ info ] [ BEHAVIOR ] Run app\common\behavior\WebLog @module_init [ RunTime:0.041156s ]
[ info ] [ CACHE ] INIT File
[ info ] [ BEHAVIOR ] Run Closure @action_begin [ RunTime:0.002749s ]
[ info ] [ RUN ] app\admin\controller\Login->runlogin[ D:\phpstudy\WWW\ublcrm_zmyz\app\admin\controller\Login.php ]
[ info ] [ BEHAVIOR ] Run app\admin\behavior\Cron @app_end [ RunTime:0.001635s ]
[ info ] [ LOG ] INIT File
[ sql ] [ DB ] CONNECT:[ UseTime:0.004096s ] mysql:host=127.0.0.1;port=3306;dbname=ublcrm;charset=utf8
[ sql ] [ SQL ] SHOW COLUMNS FROM `ubl_web_log` [ RunTime:0.007763s ]
[ sql ] [ SQL ] INSERT INTO `ubl_web_log` (`uid` , `ip` , `location` , `os` , `browser` , `url` , `module` , `controller` , `action` , `method` , `data` , `otime`) VALUES (0 , '192.168.1.105' , '局域网 局域网  ' , 'Windows 10' , 'Edge(18.18362)' , '/admin/login/runlogin.html' , 'admin' , 'Login' , 'runlogin' , 'Ajax' , 's:12:\"保密数据\";' , 1587457033) [ RunTime:0.000762s ]
[ sql ] [ SQL ] SHOW COLUMNS FROM `ubl_admin` [ RunTime:0.004061s ]
[ sql ] [ SQL ] SELECT * FROM `ubl_admin` WHERE  `admin_username` = 'admin'  AND `admin_open` = 1 LIMIT 1 [ RunTime:0.000678s ]
---------------------------------------------------------------
[ 2020-04-21T16:17:13+08:00 ] 192.168.1.105 GET 192.168.1.165/admin/login/verify.html?0.8185409759451336
[运行时间：0.053918s] [吞吐率：18.55req/s] [内存消耗：4,306.16kb] [文件加载：75]
[ info ] [ LANG ] D:\phpstudy\WWW\ublcrm_zmyz\thinkphp\lang\zh-cn.php
[ info ] [ LANG ] D:\phpstudy\WWW\ublcrm_zmyz/app/lang\zh-cn.php
[ info ] [ ROUTE ] array (
  'type' => 'module',
  'module' => 
  array (
    0 => 'admin',
    1 => 'login',
    2 => 'verify',
  ),
)
[ info ] [ HEADER ] array (
  'cookie' => 'thinkphp_show_page_trace=0|0; PHPSESSID=5tvem600e9vn8vqhpqkljqutf1',
  'connection' => 'close',
  'host' => '192.168.1.165',
  'accept-encoding' => 'gzip, deflate',
  'accept-language' => 'zh-Hans-CN,zh-Hans;q=0.5',
  'accept' => 'image/png,image/svg+xml,image/*;q=0.8,*/*;q=0.5',
  'user-agent' => 'Mozilla/5.0 (Windows NT 10.0; Win64; x64) AppleWebKit/537.36 (KHTML, like Gecko) Chrome/70.0.3538.102 Safari/537.36 Edge/18.18362',
  'referer' => 'http://192.168.1.165/admin/login/login.html',
)
[ info ] [ PARAM ] array (
  '0_8185409759451336' => '',
)
[ info ] [ BEHAVIOR ] Run app\common\behavior\WebLog @module_init [ RunTime:0.000569s ]
[ info ] [ CACHE ] INIT File
[ info ] [ BEHAVIOR ] Run Closure @action_begin [ RunTime:0.005736s ]
[ info ] [ RUN ] app\admin\controller\Login->verify[ D:\phpstudy\WWW\ublcrm_zmyz\app\admin\controller\Login.php ]
[ info ] [ DB ] INIT mysql
[ info ] [ SESSION ] INIT array (
  'id' => '',
  'var_session_id' => '',
  'prefix' => 'think',
  'type' => '',
  'auto_start' => true,
)
[ info ] [ BEHAVIOR ] Run app\admin\behavior\Cron @app_end [ RunTime:0.002305s ]
[ info ] [ LOG ] INIT File
---------------------------------------------------------------
[ 2020-04-21T16:17:23+08:00 ] 192.168.1.105 POST 192.168.1.165/admin/login/runlogin.html
[运行时间：0.076480s] [吞吐率：13.08req/s] [内存消耗：8,902.20kb] [文件加载：98]
[ info ] [ LANG ] D:\phpstudy\WWW\ublcrm_zmyz\thinkphp\lang\zh-cn.php
[ info ] [ LANG ] D:\phpstudy\WWW\ublcrm_zmyz/app/lang\zh-cn.php
[ info ] [ ROUTE ] array (
  'type' => 'module',
  'module' => 
  array (
    0 => 'admin',
    1 => 'login',
    2 => 'runlogin',
  ),
)
[ info ] [ HEADER ] array (
  'cookie' => 'thinkphp_show_page_trace=0|0; PHPSESSID=5tvem600e9vn8vqhpqkljqutf1',
  'cache-control' => 'no-cache',
  'connection' => 'close',
  'content-length' => '63',
  'host' => '192.168.1.165',
  'accept-encoding' => 'gzip, deflate',
  'x-requested-with' => 'XMLHttpRequest',
  'content-type' => 'application/x-www-form-urlencoded; charset=UTF-8',
  'accept-language' => 'zh-Hans-CN,zh-Hans;q=0.5',
  'accept' => 'application/json, text/javascript, */*; q=0.01',
  'user-agent' => 'Mozilla/5.0 (Windows NT 10.0; Win64; x64) AppleWebKit/537.36 (KHTML, like Gecko) Chrome/70.0.3538.102 Safari/537.36 Edge/18.18362',
  'referer' => 'http://192.168.1.165/admin/login/login.html',
  'origin' => 'http://192.168.1.165',
)
[ info ] [ PARAM ] array (
  'admin_username' => 'admin',
  'admin_pwd' => 'admin',
  'verify' => 'crpaa',
  'rememberme' => 'on',
)
[ info ] [ SESSION ] INIT array (
  'id' => '',
  'var_session_id' => '',
  'prefix' => 'think',
  'type' => '',
  'auto_start' => true,
)
[ info ] [ DB ] INIT mysql
[ info ] [ BEHAVIOR ] Run app\common\behavior\WebLog @module_init [ RunTime:0.036272s ]
[ info ] [ CACHE ] INIT File
[ info ] [ BEHAVIOR ] Run Closure @action_begin [ RunTime:0.002881s ]
[ info ] [ RUN ] app\admin\controller\Login->runlogin[ D:\phpstudy\WWW\ublcrm_zmyz\app\admin\controller\Login.php ]
[ info ] [ BEHAVIOR ] Run app\admin\behavior\Cron @app_end [ RunTime:0.001530s ]
[ info ] [ LOG ] INIT File
[ sql ] [ DB ] CONNECT:[ UseTime:0.001490s ] mysql:host=127.0.0.1;port=3306;dbname=ublcrm;charset=utf8
[ sql ] [ SQL ] SHOW COLUMNS FROM `ubl_web_log` [ RunTime:0.004036s ]
[ sql ] [ SQL ] INSERT INTO `ubl_web_log` (`uid` , `ip` , `location` , `os` , `browser` , `url` , `module` , `controller` , `action` , `method` , `data` , `otime`) VALUES (0 , '192.168.1.105' , '局域网 局域网  ' , 'Windows 10' , 'Edge(18.18362)' , '/admin/login/runlogin.html' , 'admin' , 'Login' , 'runlogin' , 'Ajax' , 's:12:\"保密数据\";' , 1587457043) [ RunTime:0.000648s ]
[ sql ] [ SQL ] SHOW COLUMNS FROM `ubl_admin` [ RunTime:0.002503s ]
[ sql ] [ SQL ] SELECT * FROM `ubl_admin` WHERE  `admin_username` = 'admin'  AND `admin_open` = 1 LIMIT 1 [ RunTime:0.001080s ]
[ sql ] [ SQL ] UPDATE `ubl_admin`  SET `admin_hits`=22,`admin_last_ip`='192.168.1.105',`admin_last_time`=1587457043  WHERE  `admin_id` = 1 [ RunTime:0.000965s ]
[ sql ] [ SQL ] SELECT * FROM `ubl_admin` WHERE  `admin_id` = 1 LIMIT 1 [ RunTime:0.000546s ]
[ sql ] [ SQL ] SHOW COLUMNS FROM `ubl_member_list` [ RunTime:0.002044s ]
[ sql ] [ SQL ] SELECT * FROM `ubl_member_list` WHERE  `member_list_id` = 1 LIMIT 1 [ RunTime:0.001216s ]
---------------------------------------------------------------
[ 2020-04-21T16:17:23+08:00 ] 192.168.1.105 GET 192.168.1.165/
[运行时间：0.085036s] [吞吐率：11.76req/s] [内存消耗：5,730.87kb] [文件加载：83]
[ info ] [ LANG ] D:\phpstudy\WWW\ublcrm_zmyz\thinkphp\lang\zh-cn.php
[ info ] [ LANG ] D:\phpstudy\WWW\ublcrm_zmyz/app/lang\zh-cn.php
[ info ] [ ROUTE ] array (
  'type' => 'module',
  'module' => 
  array (
    0 => 'admin',
    1 => 'Index',
    2 => 'index',
  ),
  'convert' => false,
)
[ info ] [ HEADER ] array (
  'cookie' => 'PHPSESSID=5tvem600e9vn8vqhpqkljqutf1; aid=1; signin_token=2090919a27e483c59287fd8055a6662520c120a3; yf_logged_user=9gFBiyq8MD%3DrPgqnk',
  'connection' => 'close',
  'host' => '192.168.1.165',
  'accept-encoding' => 'gzip, deflate',
  'user-agent' => 'Mozilla/5.0 (Windows NT 10.0; Win64; x64) AppleWebKit/537.36 (KHTML, like Gecko) Chrome/70.0.3538.102 Safari/537.36 Edge/18.18362',
  'upgrade-insecure-requests' => '1',
  'accept-language' => 'zh-Hans-CN,zh-Hans;q=0.5',
  'accept' => 'text/html,application/xhtml+xml,application/xml;q=0.9,*/*;q=0.8',
  'referer' => 'http://192.168.1.165/admin/login/login.html',
)
[ info ] [ PARAM ] array (
)
[ info ] [ BEHAVIOR ] Run app\common\behavior\WebLog @module_init [ RunTime:0.000295s ]
[ info ] [ DB ] INIT mysql
[ info ] [ SESSION ] INIT array (
  'id' => '',
  'var_session_id' => '',
  'prefix' => 'think',
  'type' => '',
  'auto_start' => true,
)
[ info ] [ CACHE ] INIT File
[ info ] [ BEHAVIOR ] Run Closure @action_begin [ RunTime:0.001702s ]
[ info ] [ RUN ] app\admin\controller\Index->index[ D:\phpstudy\WWW\ublcrm_zmyz\app\admin\controller\Index.php ]
[ info ] [ VIEW ] D:\phpstudy\WWW\ublcrm_zmyz/app/admin\view\index\index.html [ array (
  0 => 'lang',
  1 => 'menus',
  2 => 'menus_curr',
  3 => 'menus_child',
  4 => 'id_curr',
  5 => 'admin_avatar',
  6 => 'news_list',
  7 => 'news_count',
  8 => 'members_count',
  9 => 'sugs_count',
  10 => 'coms_count',
  11 => 'tonews_count',
  12 => 'ztnews_count',
  13 => 'difday',
  14 => 'tomembers_count',
  15 => 'ztmembers_count',
  16 => 'difday_m',
  17 => 'tosugs_count',
  18 => 'ztsugs_count',
  19 => 'difday_s',
  20 => 'tocoms_count',
  21 => 'ztcoms_count',
  22 => 'difday_c',
) ]
[ info ] [ VIEW ] D:\phpstudy\WWW\ublcrm_zmyz\addons\maintain\maintain.html [ array (
  0 => 'danger_mode_debug',
  1 => 'weak_setting_db_password',
  2 => 'weak_setting_admin_last_change_password',
  3 => 'system_safe',
  4 => 'system_pageshow',
  5 => 'log_size',
  6 => 'log_file_cnt',
) ]
[ info ] [ BEHAVIOR ] Run \addons\maintain\Maintain @maintain [ RunTime:0.006363s ]
[ info ] [ BEHAVIOR ] Run app\admin\behavior\Cron @app_end [ RunTime:0.001524s ]
[ info ] [ LOG ] INIT File
[ sql ] [ DB ] CONNECT:[ UseTime:0.010491s ] mysql:host=127.0.0.1;port=3306;dbname=ublcrm;charset=utf8
[ sql ] [ SQL ] SHOW COLUMNS FROM `ubl_auth_rule` [ RunTime:0.002209s ]
[ sql ] [ SQL ] SELECT `id`,`pid` FROM `ubl_auth_rule` ORDER BY `level` DESC,`sort` [ RunTime:0.001397s ]
[ sql ] [ SQL ] SELECT `pid` FROM `ubl_auth_rule` WHERE  `id` = -1 LIMIT 1 [ RunTime:0.000660s ]
[ sql ] [ SQL ] SELECT * FROM `ubl_auth_rule` WHERE  `status` = 1  AND `pid` IS NULL ORDER BY `sort` [ RunTime:0.000660s ]
[ sql ] [ SQL ] SHOW COLUMNS FROM `ubl_news` [ RunTime:0.002309s ]
[ sql ] [ SQL ] SELECT * FROM `ubl_news` WHERE  `news_l` = 'zh-cn' ORDER BY `news_hits` DESC LIMIT 0,10 [ RunTime:0.002131s ]
[ sql ] [ SQL ] SELECT COUNT(*) AS tp_count FROM `ubl_news` LIMIT 1 [ RunTime:0.000479s ]
[ sql ] [ SQL ] SHOW COLUMNS FROM `ubl_member_list` [ RunTime:0.001278s ]
[ sql ] [ SQL ] SELECT COUNT(*) AS tp_count FROM `ubl_member_list` LIMIT 1 [ RunTime:0.000453s ]
[ sql ] [ SQL ] SHOW COLUMNS FROM `ubl_plug_sug` [ RunTime:0.002138s ]
[ sql ] [ SQL ] SELECT COUNT(*) AS tp_count FROM `ubl_plug_sug` LIMIT 1 [ RunTime:0.000399s ]
[ sql ] [ SQL ] SHOW COLUMNS FROM `ubl_comments` [ RunTime:0.001303s ]
[ sql ] [ SQL ] SELECT COUNT(*) AS tp_count FROM `ubl_comments` LIMIT 1 [ RunTime:0.000357s ]
[ sql ] [ SQL ] SELECT COUNT(*) AS tp_count FROM `ubl_news` WHERE  `news_time` BETWEEN 1587398400 AND 1587484799 LIMIT 1 [ RunTime:0.000528s ]
[ sql ] [ SQL ] SELECT COUNT(*) AS tp_count FROM `ubl_news` WHERE  `news_time` BETWEEN 1587312000 AND 1587398399 LIMIT 1 [ RunTime:0.000472s ]
[ sql ] [ SQL ] SELECT COUNT(*) AS tp_count FROM `ubl_member_list` WHERE  `member_list_addtime` BETWEEN 1587398400 AND 1587484799 LIMIT 1 [ RunTime:0.000863s ]
[ sql ] [ SQL ] SELECT COUNT(*) AS tp_count FROM `ubl_member_list` WHERE  `member_list_addtime` BETWEEN 1587312000 AND 1587398399 LIMIT 1 [ RunTime:0.000474s ]
[ sql ] [ SQL ] SELECT COUNT(*) AS tp_count FROM `ubl_plug_sug` WHERE  `plug_sug_addtime` BETWEEN 1587398400 AND 1587484799 LIMIT 1 [ RunTime:0.000360s ]
[ sql ] [ SQL ] SELECT COUNT(*) AS tp_count FROM `ubl_plug_sug` WHERE  `plug_sug_addtime` BETWEEN 1587312000 AND 1587398399 LIMIT 1 [ RunTime:0.000318s ]
[ sql ] [ SQL ] SELECT COUNT(*) AS tp_count FROM `ubl_comments` WHERE  `createtime` BETWEEN 1587398400 AND 1587484799 LIMIT 1 [ RunTime:0.000348s ]
[ sql ] [ SQL ] SELECT COUNT(*) AS tp_count FROM `ubl_comments` WHERE  `createtime` BETWEEN 1587312000 AND 1587398399 LIMIT 1 [ RunTime:0.000382s ]
---------------------------------------------------------------
[ 2020-04-21T16:17:44+08:00 ] 192.168.1.105 GET 192.168.1.165/admin/basic_information/index.html
[运行时间：0.069302s] [吞吐率：14.43req/s] [内存消耗：5,659.86kb] [文件加载：82]
[ info ] [ LANG ] D:\phpstudy\WWW\ublcrm_zmyz\thinkphp\lang\zh-cn.php
[ info ] [ LANG ] D:\phpstudy\WWW\ublcrm_zmyz/app/lang\zh-cn.php
[ info ] [ ROUTE ] array (
  'type' => 'module',
  'module' => 
  array (
    0 => 'admin',
    1 => 'basic_information',
    2 => 'index',
  ),
)
[ info ] [ HEADER ] array (
  'cookie' => 'PHPSESSID=5tvem600e9vn8vqhpqkljqutf1; aid=1; signin_token=2090919a27e483c59287fd8055a6662520c120a3; yf_logged_user=9gFBiyq8MD%3DrPgqnk; thinkphp_show_page_trace=0|0',
  'connection' => 'close',
  'host' => '192.168.1.165',
  'accept-encoding' => 'gzip, deflate',
  'user-agent' => 'Mozilla/5.0 (Windows NT 10.0; Win64; x64) AppleWebKit/537.36 (KHTML, like Gecko) Chrome/70.0.3538.102 Safari/537.36 Edge/18.18362',
  'upgrade-insecure-requests' => '1',
  'accept-language' => 'zh-Hans-CN,zh-Hans;q=0.5',
  'accept' => 'text/html,application/xhtml+xml,application/xml;q=0.9,*/*;q=0.8',
  'referer' => 'http://192.168.1.165/',
)
[ info ] [ PARAM ] array (
)
[ info ] [ BEHAVIOR ] Run app\common\behavior\WebLog @module_init [ RunTime:0.000315s ]
[ info ] [ DB ] INIT mysql
[ info ] [ SESSION ] INIT array (
  'id' => '',
  'var_session_id' => '',
  'prefix' => 'think',
  'type' => '',
  'auto_start' => true,
)
[ info ] [ CACHE ] INIT File
[ info ] [ BEHAVIOR ] Run Closure @action_begin [ RunTime:0.001820s ]
[ info ] [ RUN ] app\admin\controller\BasicInformation->index[ D:\phpstudy\WWW\ublcrm_zmyz\app\admin\controller\BasicInformation.php ]
[ info ] [ VIEW ] D:\phpstudy\WWW\ublcrm_zmyz/app/admin\view\basic_information\index.html [ array (
  0 => 'lang',
  1 => 'menus',
  2 => 'menus_curr',
  3 => 'menus_child',
  4 => 'id_curr',
  5 => 'admin_avatar',
  6 => 'domain',
  7 => 'group_id',
  8 => 'opentype_check',
  9 => 'data',
  10 => 'page',
  11 => 'search_name',
) ]
[ info ] [ BEHAVIOR ] Run app\admin\behavior\Cron @app_end [ RunTime:0.002112s ]
[ info ] [ LOG ] INIT File
[ sql ] [ DB ] CONNECT:[ UseTime:0.003442s ] mysql:host=127.0.0.1;port=3306;dbname=ublcrm;charset=utf8
[ sql ] [ SQL ] SHOW COLUMNS FROM `ubl_auth_rule` [ RunTime:0.002113s ]
[ sql ] [ SQL ] SELECT `id` FROM `ubl_auth_rule` WHERE  `name` = 'admin/BasicInformation/index' ORDER BY `level` DESC,`sort` LIMIT 1 [ RunTime:0.000795s ]
[ sql ] [ SQL ] SELECT `id`,`pid` FROM `ubl_auth_rule` ORDER BY `level` DESC,`sort` [ RunTime:0.000799s ]
[ sql ] [ SQL ] SELECT `id` FROM `ubl_auth_rule` WHERE  `name` = 'admin/BasicInformation/index'  AND `status` = 1 ORDER BY `level` DESC,`sort` LIMIT 1 [ RunTime:0.000651s ]
[ sql ] [ SQL ] SELECT `pid` FROM `ubl_auth_rule` WHERE  `id` = 328 LIMIT 1 [ RunTime:0.000471s ]
[ sql ] [ SQL ] SELECT * FROM `ubl_auth_rule` WHERE  `status` = 1  AND `pid` = 327 ORDER BY `sort` [ RunTime:0.001185s ]
[ sql ] [ SQL ] SHOW COLUMNS FROM `ubl_auth_group_access` [ RunTime:0.001810s ]
[ sql ] [ SQL ] SELECT * FROM `ubl_auth_group_access` WHERE  `uid` = 1 LIMIT 1 [ RunTime:0.001629s ]
[ sql ] [ SQL ] SHOW COLUMNS FROM `ubl_basic_information` [ RunTime:0.001994s ]
[ sql ] [ SQL ] SELECT COUNT(*) AS tp_count FROM `ubl_basic_information` LIMIT 1 [ RunTime:0.000625s ]
[ sql ] [ SQL ] SELECT * FROM `ubl_basic_information` ORDER BY `id` DESC LIMIT 0,10 [ RunTime:0.000536s ]
---------------------------------------------------------------
[ 2020-04-21T16:17:56+08:00 ] 192.168.1.105 GET 192.168.1.165/admin/basic_information/add.html
[运行时间：0.059932s] [吞吐率：16.69req/s] [内存消耗：5,467.45kb] [文件加载：78]
[ info ] [ LANG ] D:\phpstudy\WWW\ublcrm_zmyz\thinkphp\lang\zh-cn.php
[ info ] [ LANG ] D:\phpstudy\WWW\ublcrm_zmyz/app/lang\zh-cn.php
[ info ] [ ROUTE ] array (
  'type' => 'module',
  'module' => 
  array (
    0 => 'admin',
    1 => 'basic_information',
    2 => 'add',
  ),
)
[ info ] [ HEADER ] array (
  'cookie' => 'thinkphp_show_page_trace=0|0; PHPSESSID=5tvem600e9vn8vqhpqkljqutf1; aid=1; signin_token=2090919a27e483c59287fd8055a6662520c120a3; yf_logged_user=9gFBiyq8MD%3DrPgqnk; thinkphp_show_page_trace=0|0',
  'connection' => 'close',
  'host' => '192.168.1.165',
  'accept-encoding' => 'gzip, deflate',
  'user-agent' => 'Mozilla/5.0 (Windows NT 10.0; Win64; x64) AppleWebKit/537.36 (KHTML, like Gecko) Chrome/70.0.3538.102 Safari/537.36 Edge/18.18362',
  'upgrade-insecure-requests' => '1',
  'accept-language' => 'zh-Hans-CN,zh-Hans;q=0.5',
  'accept' => 'text/html,application/xhtml+xml,application/xml;q=0.9,*/*;q=0.8',
  'referer' => 'http://192.168.1.165/admin/basic_information/index.html',
)
[ info ] [ PARAM ] array (
)
[ info ] [ BEHAVIOR ] Run app\common\behavior\WebLog @module_init [ RunTime:0.000310s ]
[ info ] [ DB ] INIT mysql
[ info ] [ SESSION ] INIT array (
  'id' => '',
  'var_session_id' => '',
  'prefix' => 'think',
  'type' => '',
  'auto_start' => true,
)
[ info ] [ CACHE ] INIT File
[ info ] [ BEHAVIOR ] Run Closure @action_begin [ RunTime:0.002537s ]
[ info ] [ RUN ] app\admin\controller\BasicInformation->add[ D:\phpstudy\WWW\ublcrm_zmyz\app\admin\controller\BasicInformation.php ]
[ info ] [ VIEW ] D:\phpstudy\WWW\ublcrm_zmyz/app/admin\view\basic_information\add.html [ array (
  0 => 'lang',
  1 => 'menus',
  2 => 'menus_curr',
  3 => 'menus_child',
  4 => 'id_curr',
  5 => 'admin_avatar',
) ]
[ info ] [ BEHAVIOR ] Run app\admin\behavior\Cron @app_end [ RunTime:0.001658s ]
[ info ] [ LOG ] INIT File
[ sql ] [ DB ] CONNECT:[ UseTime:0.001328s ] mysql:host=127.0.0.1;port=3306;dbname=ublcrm;charset=utf8
[ sql ] [ SQL ] SHOW COLUMNS FROM `ubl_auth_rule` [ RunTime:0.001647s ]
[ sql ] [ SQL ] SELECT `id` FROM `ubl_auth_rule` WHERE  `name` = 'admin/BasicInformation/add' ORDER BY `level` DESC,`sort` LIMIT 1 [ RunTime:0.000902s ]
[ sql ] [ SQL ] SELECT `id`,`pid` FROM `ubl_auth_rule` ORDER BY `level` DESC,`sort` [ RunTime:0.000861s ]
[ sql ] [ SQL ] SELECT `id` FROM `ubl_auth_rule` WHERE  `name` = 'admin/BasicInformation/add'  AND `status` = 1 ORDER BY `level` DESC,`sort` LIMIT 1 [ RunTime:0.000587s ]
[ sql ] [ SQL ] SELECT `pid` FROM `ubl_auth_rule` WHERE  `id` = 0 LIMIT 1 [ RunTime:0.000413s ]
[ sql ] [ SQL ] SELECT * FROM `ubl_auth_rule` WHERE  `status` = 1  AND `pid` IS NULL ORDER BY `sort` [ RunTime:0.000485s ]
---------------------------------------------------------------
[ 2020-04-21T16:18:19+08:00 ] 192.168.1.105 GET 192.168.1.165/admin/basic_information/index.html
[运行时间：0.081062s] [吞吐率：12.34req/s] [内存消耗：5,660.34kb] [文件加载：82]
[ info ] [ LANG ] D:\phpstudy\WWW\ublcrm_zmyz\thinkphp\lang\zh-cn.php
[ info ] [ LANG ] D:\phpstudy\WWW\ublcrm_zmyz/app/lang\zh-cn.php
[ info ] [ ROUTE ] array (
  'type' => 'module',
  'module' => 
  array (
    0 => 'admin',
    1 => 'basic_information',
    2 => 'index',
  ),
)
[ info ] [ HEADER ] array (
  'cookie' => 'thinkphp_show_page_trace=0|0; PHPSESSID=5tvem600e9vn8vqhpqkljqutf1; aid=1; signin_token=2090919a27e483c59287fd8055a6662520c120a3; yf_logged_user=9gFBiyq8MD%3DrPgqnk; thinkphp_show_page_trace=0|0',
  'connection' => 'close',
  'host' => '192.168.1.165',
  'accept-encoding' => 'gzip, deflate',
  'user-agent' => 'Mozilla/5.0 (Windows NT 10.0; Win64; x64) AppleWebKit/537.36 (KHTML, like Gecko) Chrome/70.0.3538.102 Safari/537.36 Edge/18.18362',
  'upgrade-insecure-requests' => '1',
  'accept-language' => 'zh-Hans-CN,zh-Hans;q=0.5',
  'accept' => 'text/html,application/xhtml+xml,application/xml;q=0.9,*/*;q=0.8',
  'referer' => 'http://192.168.1.165/',
)
[ info ] [ PARAM ] array (
)
[ info ] [ BEHAVIOR ] Run app\common\behavior\WebLog @module_init [ RunTime:0.000347s ]
[ info ] [ DB ] INIT mysql
[ info ] [ SESSION ] INIT array (
  'id' => '',
  'var_session_id' => '',
  'prefix' => 'think',
  'type' => '',
  'auto_start' => true,
)
[ info ] [ CACHE ] INIT File
[ info ] [ BEHAVIOR ] Run Closure @action_begin [ RunTime:0.001685s ]
[ info ] [ RUN ] app\admin\controller\BasicInformation->index[ D:\phpstudy\WWW\ublcrm_zmyz\app\admin\controller\BasicInformation.php ]
[ info ] [ VIEW ] D:\phpstudy\WWW\ublcrm_zmyz/app/admin\view\basic_information\index.html [ array (
  0 => 'lang',
  1 => 'menus',
  2 => 'menus_curr',
  3 => 'menus_child',
  4 => 'id_curr',
  5 => 'admin_avatar',
  6 => 'domain',
  7 => 'group_id',
  8 => 'opentype_check',
  9 => 'data',
  10 => 'page',
  11 => 'search_name',
) ]
[ info ] [ BEHAVIOR ] Run app\admin\behavior\Cron @app_end [ RunTime:0.001808s ]
[ info ] [ LOG ] INIT File
[ sql ] [ DB ] CONNECT:[ UseTime:0.003187s ] mysql:host=127.0.0.1;port=3306;dbname=ublcrm;charset=utf8
[ sql ] [ SQL ] SHOW COLUMNS FROM `ubl_auth_rule` [ RunTime:0.004232s ]
[ sql ] [ SQL ] SELECT `id` FROM `ubl_auth_rule` WHERE  `name` = 'admin/BasicInformation/index' ORDER BY `level` DESC,`sort` LIMIT 1 [ RunTime:0.001596s ]
[ sql ] [ SQL ] SELECT `id`,`pid` FROM `ubl_auth_rule` ORDER BY `level` DESC,`sort` [ RunTime:0.000996s ]
[ sql ] [ SQL ] SELECT `id` FROM `ubl_auth_rule` WHERE  `name` = 'admin/BasicInformation/index'  AND `status` = 1 ORDER BY `level` DESC,`sort` LIMIT 1 [ RunTime:0.000807s ]
[ sql ] [ SQL ] SELECT `pid` FROM `ubl_auth_rule` WHERE  `id` = 328 LIMIT 1 [ RunTime:0.000435s ]
[ sql ] [ SQL ] SELECT * FROM `ubl_auth_rule` WHERE  `status` = 1  AND `pid` = 327 ORDER BY `sort` [ RunTime:0.000566s ]
[ sql ] [ SQL ] SHOW COLUMNS FROM `ubl_auth_group_access` [ RunTime:0.004594s ]
[ sql ] [ SQL ] SELECT * FROM `ubl_auth_group_access` WHERE  `uid` = 1 LIMIT 1 [ RunTime:0.000650s ]
[ sql ] [ SQL ] SHOW COLUMNS FROM `ubl_basic_information` [ RunTime:0.002741s ]
[ sql ] [ SQL ] SELECT COUNT(*) AS tp_count FROM `ubl_basic_information` LIMIT 1 [ RunTime:0.000457s ]
[ sql ] [ SQL ] SELECT * FROM `ubl_basic_information` ORDER BY `id` DESC LIMIT 0,10 [ RunTime:0.000798s ]
---------------------------------------------------------------
[ 2020-04-21T16:18:26+08:00 ] 192.168.1.105 GET 192.168.1.165/admin/basic_information/show/id/14.html
[运行时间：0.073356s] [吞吐率：13.63req/s] [内存消耗：5,552.84kb] [文件加载：78]
[ info ] [ LANG ] D:\phpstudy\WWW\ublcrm_zmyz\thinkphp\lang\zh-cn.php
[ info ] [ LANG ] D:\phpstudy\WWW\ublcrm_zmyz/app/lang\zh-cn.php
[ info ] [ ROUTE ] array (
  'type' => 'module',
  'module' => 
  array (
    0 => 'admin',
    1 => 'basic_information',
    2 => 'show',
  ),
)
[ info ] [ HEADER ] array (
  'cookie' => 'thinkphp_show_page_trace=0|0; PHPSESSID=5tvem600e9vn8vqhpqkljqutf1; aid=1; signin_token=2090919a27e483c59287fd8055a6662520c120a3; yf_logged_user=9gFBiyq8MD%3DrPgqnk; thinkphp_show_page_trace=0|0',
  'connection' => 'close',
  'host' => '192.168.1.165',
  'accept-encoding' => 'gzip, deflate',
  'user-agent' => 'Mozilla/5.0 (Windows NT 10.0; Win64; x64) AppleWebKit/537.36 (KHTML, like Gecko) Chrome/70.0.3538.102 Safari/537.36 Edge/18.18362',
  'upgrade-insecure-requests' => '1',
  'accept-language' => 'zh-Hans-CN,zh-Hans;q=0.5',
  'accept' => 'text/html,application/xhtml+xml,application/xml;q=0.9,*/*;q=0.8',
  'referer' => 'http://192.168.1.165/admin/basic_information/index.html',
)
[ info ] [ PARAM ] array (
  'id' => '14',
)
[ info ] [ BEHAVIOR ] Run app\common\behavior\WebLog @module_init [ RunTime:0.000515s ]
[ info ] [ DB ] INIT mysql
[ info ] [ SESSION ] INIT array (
  'id' => '',
  'var_session_id' => '',
  'prefix' => 'think',
  'type' => '',
  'auto_start' => true,
)
[ info ] [ CACHE ] INIT File
[ info ] [ BEHAVIOR ] Run Closure @action_begin [ RunTime:0.002843s ]
[ info ] [ RUN ] app\admin\controller\BasicInformation->show[ D:\phpstudy\WWW\ublcrm_zmyz\app\admin\controller\BasicInformation.php ]
[ info ] [ VIEW ] D:\phpstudy\WWW\ublcrm_zmyz/app/admin\view\basic_information\show.html [ array (
  0 => 'lang',
  1 => 'menus',
  2 => 'menus_curr',
  3 => 'menus_child',
  4 => 'id_curr',
  5 => 'admin_avatar',
  6 => 'id',
  7 => 'res',
) ]
[ info ] [ BEHAVIOR ] Run app\admin\behavior\Cron @app_end [ RunTime:0.001670s ]
[ info ] [ LOG ] INIT File
[ sql ] [ DB ] CONNECT:[ UseTime:0.002826s ] mysql:host=127.0.0.1;port=3306;dbname=ublcrm;charset=utf8
[ sql ] [ SQL ] SHOW COLUMNS FROM `ubl_auth_rule` [ RunTime:0.001794s ]
[ sql ] [ SQL ] SELECT `id` FROM `ubl_auth_rule` WHERE  `name` = 'admin/BasicInformation/show' ORDER BY `level` DESC,`sort` LIMIT 1 [ RunTime:0.001592s ]
[ sql ] [ SQL ] SELECT `id`,`pid` FROM `ubl_auth_rule` ORDER BY `level` DESC,`sort` [ RunTime:0.000877s ]
[ sql ] [ SQL ] SELECT `id` FROM `ubl_auth_rule` WHERE  `name` = 'admin/BasicInformation/show'  AND `status` = 1 ORDER BY `level` DESC,`sort` LIMIT 1 [ RunTime:0.000558s ]
[ sql ] [ SQL ] SELECT `pid` FROM `ubl_auth_rule` WHERE  `id` = 0 LIMIT 1 [ RunTime:0.000406s ]
[ sql ] [ SQL ] SELECT * FROM `ubl_auth_rule` WHERE  `status` = 1  AND `pid` IS NULL ORDER BY `sort` [ RunTime:0.000406s ]
[ sql ] [ SQL ] SHOW COLUMNS FROM `ubl_information_details` [ RunTime:0.002466s ]
[ sql ] [ SQL ] SELECT * FROM `ubl_information_details` WHERE  `basic_id` = 14 LIMIT 1 [ RunTime:0.001847s ]
---------------------------------------------------------------
[ 2020-04-21T16:18:33+08:00 ] 192.168.1.105 GET 192.168.1.165/admin/basic_information/index.html
[运行时间：0.067722s] [吞吐率：14.77req/s] [内存消耗：5,660.34kb] [文件加载：82]
[ info ] [ LANG ] D:\phpstudy\WWW\ublcrm_zmyz\thinkphp\lang\zh-cn.php
[ info ] [ LANG ] D:\phpstudy\WWW\ublcrm_zmyz/app/lang\zh-cn.php
[ info ] [ ROUTE ] array (
  'type' => 'module',
  'module' => 
  array (
    0 => 'admin',
    1 => 'basic_information',
    2 => 'index',
  ),
)
[ info ] [ HEADER ] array (
  'cookie' => 'thinkphp_show_page_trace=0|0; PHPSESSID=5tvem600e9vn8vqhpqkljqutf1; aid=1; signin_token=2090919a27e483c59287fd8055a6662520c120a3; yf_logged_user=9gFBiyq8MD%3DrPgqnk; thinkphp_show_page_trace=0|0',
  'connection' => 'close',
  'host' => '192.168.1.165',
  'accept-encoding' => 'gzip, deflate',
  'user-agent' => 'Mozilla/5.0 (Windows NT 10.0; Win64; x64) AppleWebKit/537.36 (KHTML, like Gecko) Chrome/70.0.3538.102 Safari/537.36 Edge/18.18362',
  'upgrade-insecure-requests' => '1',
  'accept-language' => 'zh-Hans-CN,zh-Hans;q=0.5',
  'accept' => 'text/html,application/xhtml+xml,application/xml;q=0.9,*/*;q=0.8',
  'referer' => 'http://192.168.1.165/',
)
[ info ] [ PARAM ] array (
)
[ info ] [ BEHAVIOR ] Run app\common\behavior\WebLog @module_init [ RunTime:0.000427s ]
[ info ] [ DB ] INIT mysql
[ info ] [ SESSION ] INIT array (
  'id' => '',
  'var_session_id' => '',
  'prefix' => 'think',
  'type' => '',
  'auto_start' => true,
)
[ info ] [ CACHE ] INIT File
[ info ] [ BEHAVIOR ] Run Closure @action_begin [ RunTime:0.001905s ]
[ info ] [ RUN ] app\admin\controller\BasicInformation->index[ D:\phpstudy\WWW\ublcrm_zmyz\app\admin\controller\BasicInformation.php ]
[ info ] [ VIEW ] D:\phpstudy\WWW\ublcrm_zmyz/app/admin\view\basic_information\index.html [ array (
  0 => 'lang',
  1 => 'menus',
  2 => 'menus_curr',
  3 => 'menus_child',
  4 => 'id_curr',
  5 => 'admin_avatar',
  6 => 'domain',
  7 => 'group_id',
  8 => 'opentype_check',
  9 => 'data',
  10 => 'page',
  11 => 'search_name',
) ]
[ info ] [ BEHAVIOR ] Run app\admin\behavior\Cron @app_end [ RunTime:0.001678s ]
[ info ] [ LOG ] INIT File
[ sql ] [ DB ] CONNECT:[ UseTime:0.001552s ] mysql:host=127.0.0.1;port=3306;dbname=ublcrm;charset=utf8
[ sql ] [ SQL ] SHOW COLUMNS FROM `ubl_auth_rule` [ RunTime:0.002717s ]
[ sql ] [ SQL ] SELECT `id` FROM `ubl_auth_rule` WHERE  `name` = 'admin/BasicInformation/index' ORDER BY `level` DESC,`sort` LIMIT 1 [ RunTime:0.000506s ]
[ sql ] [ SQL ] SELECT `id`,`pid` FROM `ubl_auth_rule` ORDER BY `level` DESC,`sort` [ RunTime:0.000786s ]
[ sql ] [ SQL ] SELECT `id` FROM `ubl_auth_rule` WHERE  `name` = 'admin/BasicInformation/index'  AND `status` = 1 ORDER BY `level` DESC,`sort` LIMIT 1 [ RunTime:0.000519s ]
[ sql ] [ SQL ] SELECT `pid` FROM `ubl_auth_rule` WHERE  `id` = 328 LIMIT 1 [ RunTime:0.000429s ]
[ sql ] [ SQL ] SELECT * FROM `ubl_auth_rule` WHERE  `status` = 1  AND `pid` = 327 ORDER BY `sort` [ RunTime:0.000547s ]
[ sql ] [ SQL ] SHOW COLUMNS FROM `ubl_auth_group_access` [ RunTime:0.001580s ]
[ sql ] [ SQL ] SELECT * FROM `ubl_auth_group_access` WHERE  `uid` = 1 LIMIT 1 [ RunTime:0.000356s ]
[ sql ] [ SQL ] SHOW COLUMNS FROM `ubl_basic_information` [ RunTime:0.001320s ]
[ sql ] [ SQL ] SELECT COUNT(*) AS tp_count FROM `ubl_basic_information` LIMIT 1 [ RunTime:0.000453s ]
[ sql ] [ SQL ] SELECT * FROM `ubl_basic_information` ORDER BY `id` DESC LIMIT 0,10 [ RunTime:0.000394s ]
---------------------------------------------------------------
[ 2020-04-21T16:18:49+08:00 ] 192.168.1.105 GET 192.168.1.165/admin/basic_information//id/14.html
[运行时间：0.075844s] [吞吐率：13.18req/s] [内存消耗：5,378.99kb] [文件加载：78]
[ info ] [ LANG ] D:\phpstudy\WWW\ublcrm_zmyz\thinkphp\lang\zh-cn.php
[ info ] [ LANG ] D:\phpstudy\WWW\ublcrm_zmyz/app/lang\zh-cn.php
[ info ] [ ROUTE ] array (
  'type' => 'module',
  'module' => 
  array (
    0 => 'admin',
    1 => 'basic_information',
    2 => 'id',
  ),
)
[ info ] [ HEADER ] array (
  'cookie' => 'thinkphp_show_page_trace=0|0; PHPSESSID=5tvem600e9vn8vqhpqkljqutf1; aid=1; signin_token=2090919a27e483c59287fd8055a6662520c120a3; yf_logged_user=9gFBiyq8MD%3DrPgqnk; thinkphp_show_page_trace=0|0',
  'connection' => 'close',
  'host' => '192.168.1.165',
  'accept-encoding' => 'gzip, deflate',
  'user-agent' => 'Mozilla/5.0 (Windows NT 10.0; Win64; x64) AppleWebKit/537.36 (KHTML, like Gecko) Chrome/70.0.3538.102 Safari/537.36 Edge/18.18362',
  'upgrade-insecure-requests' => '1',
  'accept-language' => 'zh-Hans-CN,zh-Hans;q=0.5',
  'accept' => 'text/html,application/xhtml+xml,application/xml;q=0.9,*/*;q=0.8',
  'referer' => 'http://192.168.1.165/admin/basic_information/index.html',
)
[ info ] [ PARAM ] array (
)
[ info ] [ BEHAVIOR ] Run app\common\behavior\WebLog @module_init [ RunTime:0.000662s ]
[ info ] [ DB ] INIT mysql
[ info ] [ SESSION ] INIT array (
  'id' => '',
  'var_session_id' => '',
  'prefix' => 'think',
  'type' => '',
  'auto_start' => true,
)
[ info ] [ CACHE ] INIT File
[ info ] [ BEHAVIOR ] Run Closure @action_begin [ RunTime:0.002743s ]
[ info ] [ RUN ] app\common\controller\Common->_empty[ D:\phpstudy\WWW\ublcrm_zmyz\app\common\controller\Common.php ]
[ info ] [ VIEW ] D:\phpstudy\WWW\ublcrm_zmyz\thinkphp\tpl\dispatch_jump.tpl [ array (
  0 => 'lang',
  1 => 'menus',
  2 => 'menus_curr',
  3 => 'menus_child',
  4 => 'id_curr',
  5 => 'admin_avatar',
  6 => 'code',
  7 => 'msg',
  8 => 'data',
  9 => 'url',
  10 => 'wait',
) ]
[ info ] [ BEHAVIOR ] Run app\admin\behavior\Cron @app_end [ RunTime:0.001918s ]
[ info ] [ LOG ] INIT File
[ sql ] [ DB ] CONNECT:[ UseTime:0.011673s ] mysql:host=127.0.0.1;port=3306;dbname=ublcrm;charset=utf8
[ sql ] [ SQL ] SHOW COLUMNS FROM `ubl_auth_rule` [ RunTime:0.003031s ]
[ sql ] [ SQL ] SELECT `id` FROM `ubl_auth_rule` WHERE  `name` = 'admin/BasicInformation/id' ORDER BY `level` DESC,`sort` LIMIT 1 [ RunTime:0.001174s ]
[ sql ] [ SQL ] SELECT `id` FROM `ubl_auth_rule` WHERE  `name` = 'admin/BasicInformation/id' ORDER BY `level` DESC,`sort` LIMIT 1 [ RunTime:0.000673s ]
[ sql ] [ SQL ] SELECT `id` FROM `ubl_auth_rule` WHERE  `name` = 'admin/BasicInformation/id'  AND `status` = 1 ORDER BY `level` DESC,`sort` LIMIT 1 [ RunTime:0.000633s ]
[ sql ] [ SQL ] SELECT `id` FROM `ubl_auth_rule` WHERE  `name` = 'admin/BasicInformation/id'  AND `status` = 1 ORDER BY `level` DESC,`sort` LIMIT 1 [ RunTime:0.000515s ]
[ sql ] [ SQL ] SELECT `pid` FROM `ubl_auth_rule` WHERE  `id` = 0 LIMIT 1 [ RunTime:0.000507s ]
[ sql ] [ SQL ] SELECT * FROM `ubl_auth_rule` WHERE  `status` = 1  AND `pid` IS NULL ORDER BY `sort` [ RunTime:0.000451s ]
---------------------------------------------------------------
[ 2020-04-21T16:18:52+08:00 ] 192.168.1.105 GET 192.168.1.165/admin/basic_information/index.html
[运行时间：0.073356s] [吞吐率：13.63req/s] [内存消耗：5,660.34kb] [文件加载：82]
[ info ] [ LANG ] D:\phpstudy\WWW\ublcrm_zmyz\thinkphp\lang\zh-cn.php
[ info ] [ LANG ] D:\phpstudy\WWW\ublcrm_zmyz/app/lang\zh-cn.php
[ info ] [ ROUTE ] array (
  'type' => 'module',
  'module' => 
  array (
    0 => 'admin',
    1 => 'basic_information',
    2 => 'index',
  ),
)
[ info ] [ HEADER ] array (
  'cookie' => 'thinkphp_show_page_trace=0|0; PHPSESSID=5tvem600e9vn8vqhpqkljqutf1; aid=1; signin_token=2090919a27e483c59287fd8055a6662520c120a3; yf_logged_user=9gFBiyq8MD%3DrPgqnk; thinkphp_show_page_trace=0|0',
  'connection' => 'close',
  'host' => '192.168.1.165',
  'accept-encoding' => 'gzip, deflate',
  'user-agent' => 'Mozilla/5.0 (Windows NT 10.0; Win64; x64) AppleWebKit/537.36 (KHTML, like Gecko) Chrome/70.0.3538.102 Safari/537.36 Edge/18.18362',
  'upgrade-insecure-requests' => '1',
  'accept-language' => 'zh-Hans-CN,zh-Hans;q=0.5',
  'accept' => 'text/html,application/xhtml+xml,application/xml;q=0.9,*/*;q=0.8',
  'referer' => 'http://192.168.1.165/',
)
[ info ] [ PARAM ] array (
)
[ info ] [ BEHAVIOR ] Run app\common\behavior\WebLog @module_init [ RunTime:0.000322s ]
[ info ] [ DB ] INIT mysql
[ info ] [ SESSION ] INIT array (
  'id' => '',
  'var_session_id' => '',
  'prefix' => 'think',
  'type' => '',
  'auto_start' => true,
)
[ info ] [ CACHE ] INIT File
[ info ] [ BEHAVIOR ] Run Closure @action_begin [ RunTime:0.001667s ]
[ info ] [ RUN ] app\admin\controller\BasicInformation->index[ D:\phpstudy\WWW\ublcrm_zmyz\app\admin\controller\BasicInformation.php ]
[ info ] [ VIEW ] D:\phpstudy\WWW\ublcrm_zmyz/app/admin\view\basic_information\index.html [ array (
  0 => 'lang',
  1 => 'menus',
  2 => 'menus_curr',
  3 => 'menus_child',
  4 => 'id_curr',
  5 => 'admin_avatar',
  6 => 'domain',
  7 => 'group_id',
  8 => 'opentype_check',
  9 => 'data',
  10 => 'page',
  11 => 'search_name',
) ]
[ info ] [ BEHAVIOR ] Run app\admin\behavior\Cron @app_end [ RunTime:0.001578s ]
[ info ] [ LOG ] INIT File
[ sql ] [ DB ] CONNECT:[ UseTime:0.010637s ] mysql:host=127.0.0.1;port=3306;dbname=ublcrm;charset=utf8
[ sql ] [ SQL ] SHOW COLUMNS FROM `ubl_auth_rule` [ RunTime:0.004508s ]
[ sql ] [ SQL ] SELECT `id` FROM `ubl_auth_rule` WHERE  `name` = 'admin/BasicInformation/index' ORDER BY `level` DESC,`sort` LIMIT 1 [ RunTime:0.000964s ]
[ sql ] [ SQL ] SELECT `id`,`pid` FROM `ubl_auth_rule` ORDER BY `level` DESC,`sort` [ RunTime:0.000808s ]
[ sql ] [ SQL ] SELECT `id` FROM `ubl_auth_rule` WHERE  `name` = 'admin/BasicInformation/index'  AND `status` = 1 ORDER BY `level` DESC,`sort` LIMIT 1 [ RunTime:0.001267s ]
[ sql ] [ SQL ] SELECT `pid` FROM `ubl_auth_rule` WHERE  `id` = 328 LIMIT 1 [ RunTime:0.000498s ]
[ sql ] [ SQL ] SELECT * FROM `ubl_auth_rule` WHERE  `status` = 1  AND `pid` = 327 ORDER BY `sort` [ RunTime:0.000640s ]
[ sql ] [ SQL ] SHOW COLUMNS FROM `ubl_auth_group_access` [ RunTime:0.001229s ]
[ sql ] [ SQL ] SELECT * FROM `ubl_auth_group_access` WHERE  `uid` = 1 LIMIT 1 [ RunTime:0.000732s ]
[ sql ] [ SQL ] SHOW COLUMNS FROM `ubl_basic_information` [ RunTime:0.000849s ]
[ sql ] [ SQL ] SELECT COUNT(*) AS tp_count FROM `ubl_basic_information` LIMIT 1 [ RunTime:0.000742s ]
[ sql ] [ SQL ] SELECT * FROM `ubl_basic_information` ORDER BY `id` DESC LIMIT 0,10 [ RunTime:0.000663s ]
---------------------------------------------------------------
[ 2020-04-21T16:18:56+08:00 ] 192.168.1.105 GET 192.168.1.165/admin/basic_information//id/17.html
[运行时间：0.069553s] [吞吐率：14.38req/s] [内存消耗：5,379.16kb] [文件加载：78]
[ info ] [ LANG ] D:\phpstudy\WWW\ublcrm_zmyz\thinkphp\lang\zh-cn.php
[ info ] [ LANG ] D:\phpstudy\WWW\ublcrm_zmyz/app/lang\zh-cn.php
[ info ] [ ROUTE ] array (
  'type' => 'module',
  'module' => 
  array (
    0 => 'admin',
    1 => 'basic_information',
    2 => 'id',
  ),
)
[ info ] [ HEADER ] array (
  'cookie' => 'thinkphp_show_page_trace=0|0; thinkphp_show_page_trace=0|0; PHPSESSID=5tvem600e9vn8vqhpqkljqutf1; aid=1; signin_token=2090919a27e483c59287fd8055a6662520c120a3; yf_logged_user=9gFBiyq8MD%3DrPgqnk; thinkphp_show_page_trace=0|0',
  'connection' => 'close',
  'host' => '192.168.1.165',
  'accept-encoding' => 'gzip, deflate',
  'user-agent' => 'Mozilla/5.0 (Windows NT 10.0; Win64; x64) AppleWebKit/537.36 (KHTML, like Gecko) Chrome/70.0.3538.102 Safari/537.36 Edge/18.18362',
  'upgrade-insecure-requests' => '1',
  'accept-language' => 'zh-Hans-CN,zh-Hans;q=0.5',
  'accept' => 'text/html,application/xhtml+xml,application/xml;q=0.9,*/*;q=0.8',
  'referer' => 'http://192.168.1.165/admin/basic_information/index.html',
)
[ info ] [ PARAM ] array (
)
[ info ] [ BEHAVIOR ] Run app\common\behavior\WebLog @module_init [ RunTime:0.000324s ]
[ info ] [ DB ] INIT mysql
[ info ] [ SESSION ] INIT array (
  'id' => '',
  'var_session_id' => '',
  'prefix' => 'think',
  'type' => '',
  'auto_start' => true,
)
[ info ] [ CACHE ] INIT File
[ info ] [ BEHAVIOR ] Run Closure @action_begin [ RunTime:0.002677s ]
[ info ] [ RUN ] app\common\controller\Common->_empty[ D:\phpstudy\WWW\ublcrm_zmyz\app\common\controller\Common.php ]
[ info ] [ VIEW ] D:\phpstudy\WWW\ublcrm_zmyz\thinkphp\tpl\dispatch_jump.tpl [ array (
  0 => 'lang',
  1 => 'menus',
  2 => 'menus_curr',
  3 => 'menus_child',
  4 => 'id_curr',
  5 => 'admin_avatar',
  6 => 'code',
  7 => 'msg',
  8 => 'data',
  9 => 'url',
  10 => 'wait',
) ]
[ info ] [ BEHAVIOR ] Run app\admin\behavior\Cron @app_end [ RunTime:0.002330s ]
[ info ] [ LOG ] INIT File
[ sql ] [ DB ] CONNECT:[ UseTime:0.001359s ] mysql:host=127.0.0.1;port=3306;dbname=ublcrm;charset=utf8
[ sql ] [ SQL ] SHOW COLUMNS FROM `ubl_auth_rule` [ RunTime:0.003833s ]
[ sql ] [ SQL ] SELECT `id` FROM `ubl_auth_rule` WHERE  `name` = 'admin/BasicInformation/id' ORDER BY `level` DESC,`sort` LIMIT 1 [ RunTime:0.000912s ]
[ sql ] [ SQL ] SELECT `id` FROM `ubl_auth_rule` WHERE  `name` = 'admin/BasicInformation/id' ORDER BY `level` DESC,`sort` LIMIT 1 [ RunTime:0.000558s ]
[ sql ] [ SQL ] SELECT `id` FROM `ubl_auth_rule` WHERE  `name` = 'admin/BasicInformation/id'  AND `status` = 1 ORDER BY `level` DESC,`sort` LIMIT 1 [ RunTime:0.000894s ]
[ sql ] [ SQL ] SELECT `id` FROM `ubl_auth_rule` WHERE  `name` = 'admin/BasicInformation/id'  AND `status` = 1 ORDER BY `level` DESC,`sort` LIMIT 1 [ RunTime:0.000876s ]
[ sql ] [ SQL ] SELECT `pid` FROM `ubl_auth_rule` WHERE  `id` = 0 LIMIT 1 [ RunTime:0.000251s ]
[ sql ] [ SQL ] SELECT * FROM `ubl_auth_rule` WHERE  `status` = 1  AND `pid` IS NULL ORDER BY `sort` [ RunTime:0.000397s ]
---------------------------------------------------------------
[ 2020-04-21T16:19:00+08:00 ] 192.168.1.105 GET 192.168.1.165/admin/basic_information/index.html
[运行时间：0.071502s] [吞吐率：13.99req/s] [内存消耗：5,660.34kb] [文件加载：82]
[ info ] [ LANG ] D:\phpstudy\WWW\ublcrm_zmyz\thinkphp\lang\zh-cn.php
[ info ] [ LANG ] D:\phpstudy\WWW\ublcrm_zmyz/app/lang\zh-cn.php
[ info ] [ ROUTE ] array (
  'type' => 'module',
  'module' => 
  array (
    0 => 'admin',
    1 => 'basic_information',
    2 => 'index',
  ),
)
[ info ] [ HEADER ] array (
  'cookie' => 'thinkphp_show_page_trace=0|0; PHPSESSID=5tvem600e9vn8vqhpqkljqutf1; aid=1; signin_token=2090919a27e483c59287fd8055a6662520c120a3; yf_logged_user=9gFBiyq8MD%3DrPgqnk; thinkphp_show_page_trace=0|0',
  'connection' => 'close',
  'host' => '192.168.1.165',
  'accept-encoding' => 'gzip, deflate',
  'user-agent' => 'Mozilla/5.0 (Windows NT 10.0; Win64; x64) AppleWebKit/537.36 (KHTML, like Gecko) Chrome/70.0.3538.102 Safari/537.36 Edge/18.18362',
  'upgrade-insecure-requests' => '1',
  'accept-language' => 'zh-Hans-CN,zh-Hans;q=0.5',
  'accept' => 'text/html,application/xhtml+xml,application/xml;q=0.9,*/*;q=0.8',
  'referer' => 'http://192.168.1.165/',
)
[ info ] [ PARAM ] array (
)
[ info ] [ BEHAVIOR ] Run app\common\behavior\WebLog @module_init [ RunTime:0.000448s ]
[ info ] [ DB ] INIT mysql
[ info ] [ SESSION ] INIT array (
  'id' => '',
  'var_session_id' => '',
  'prefix' => 'think',
  'type' => '',
  'auto_start' => true,
)
[ info ] [ CACHE ] INIT File
[ info ] [ BEHAVIOR ] Run Closure @action_begin [ RunTime:0.001687s ]
[ info ] [ RUN ] app\admin\controller\BasicInformation->index[ D:\phpstudy\WWW\ublcrm_zmyz\app\admin\controller\BasicInformation.php ]
[ info ] [ VIEW ] D:\phpstudy\WWW\ublcrm_zmyz/app/admin\view\basic_information\index.html [ array (
  0 => 'lang',
  1 => 'menus',
  2 => 'menus_curr',
  3 => 'menus_child',
  4 => 'id_curr',
  5 => 'admin_avatar',
  6 => 'domain',
  7 => 'group_id',
  8 => 'opentype_check',
  9 => 'data',
  10 => 'page',
  11 => 'search_name',
) ]
[ info ] [ BEHAVIOR ] Run app\admin\behavior\Cron @app_end [ RunTime:0.001530s ]
[ info ] [ LOG ] INIT File
[ sql ] [ DB ] CONNECT:[ UseTime:0.010296s ] mysql:host=127.0.0.1;port=3306;dbname=ublcrm;charset=utf8
[ sql ] [ SQL ] SHOW COLUMNS FROM `ubl_auth_rule` [ RunTime:0.005734s ]
[ sql ] [ SQL ] SELECT `id` FROM `ubl_auth_rule` WHERE  `name` = 'admin/BasicInformation/index' ORDER BY `level` DESC,`sort` LIMIT 1 [ RunTime:0.000696s ]
[ sql ] [ SQL ] SELECT `id`,`pid` FROM `ubl_auth_rule` ORDER BY `level` DESC,`sort` [ RunTime:0.001026s ]
[ sql ] [ SQL ] SELECT `id` FROM `ubl_auth_rule` WHERE  `name` = 'admin/BasicInformation/index'  AND `status` = 1 ORDER BY `level` DESC,`sort` LIMIT 1 [ RunTime:0.000614s ]
[ sql ] [ SQL ] SELECT `pid` FROM `ubl_auth_rule` WHERE  `id` = 328 LIMIT 1 [ RunTime:0.000410s ]
[ sql ] [ SQL ] SELECT * FROM `ubl_auth_rule` WHERE  `status` = 1  AND `pid` = 327 ORDER BY `sort` [ RunTime:0.000586s ]
[ sql ] [ SQL ] SHOW COLUMNS FROM `ubl_auth_group_access` [ RunTime:0.001623s ]
[ sql ] [ SQL ] SELECT * FROM `ubl_auth_group_access` WHERE  `uid` = 1 LIMIT 1 [ RunTime:0.000579s ]
[ sql ] [ SQL ] SHOW COLUMNS FROM `ubl_basic_information` [ RunTime:0.001418s ]
[ sql ] [ SQL ] SELECT COUNT(*) AS tp_count FROM `ubl_basic_information` LIMIT 1 [ RunTime:0.000696s ]
[ sql ] [ SQL ] SELECT * FROM `ubl_basic_information` ORDER BY `id` DESC LIMIT 0,10 [ RunTime:0.000535s ]
---------------------------------------------------------------
[ 2020-04-21T16:19:07+08:00 ] 192.168.1.105 GET 192.168.1.165/admin/basic_information//id/17.html
[运行时间：0.060094s] [吞吐率：16.64req/s] [内存消耗：5,379.16kb] [文件加载：78]
[ info ] [ LANG ] D:\phpstudy\WWW\ublcrm_zmyz\thinkphp\lang\zh-cn.php
[ info ] [ LANG ] D:\phpstudy\WWW\ublcrm_zmyz/app/lang\zh-cn.php
[ info ] [ ROUTE ] array (
  'type' => 'module',
  'module' => 
  array (
    0 => 'admin',
    1 => 'basic_information',
    2 => 'id',
  ),
)
[ info ] [ HEADER ] array (
  'cookie' => 'thinkphp_show_page_trace=0|0; thinkphp_show_page_trace=0|0; PHPSESSID=5tvem600e9vn8vqhpqkljqutf1; aid=1; signin_token=2090919a27e483c59287fd8055a6662520c120a3; yf_logged_user=9gFBiyq8MD%3DrPgqnk; thinkphp_show_page_trace=0|0',
  'connection' => 'close',
  'host' => '192.168.1.165',
  'accept-encoding' => 'gzip, deflate',
  'user-agent' => 'Mozilla/5.0 (Windows NT 10.0; Win64; x64) AppleWebKit/537.36 (KHTML, like Gecko) Chrome/70.0.3538.102 Safari/537.36 Edge/18.18362',
  'upgrade-insecure-requests' => '1',
  'accept-language' => 'zh-Hans-CN,zh-Hans;q=0.5',
  'accept' => 'text/html,application/xhtml+xml,application/xml;q=0.9,*/*;q=0.8',
  'referer' => 'http://192.168.1.165/admin/basic_information/index.html',
)
[ info ] [ PARAM ] array (
)
[ info ] [ BEHAVIOR ] Run app\common\behavior\WebLog @module_init [ RunTime:0.000312s ]
[ info ] [ DB ] INIT mysql
[ info ] [ SESSION ] INIT array (
  'id' => '',
  'var_session_id' => '',
  'prefix' => 'think',
  'type' => '',
  'auto_start' => true,
)
[ info ] [ CACHE ] INIT File
[ info ] [ BEHAVIOR ] Run Closure @action_begin [ RunTime:0.001694s ]
[ info ] [ RUN ] app\common\controller\Common->_empty[ D:\phpstudy\WWW\ublcrm_zmyz\app\common\controller\Common.php ]
[ info ] [ VIEW ] D:\phpstudy\WWW\ublcrm_zmyz\thinkphp\tpl\dispatch_jump.tpl [ array (
  0 => 'lang',
  1 => 'menus',
  2 => 'menus_curr',
  3 => 'menus_child',
  4 => 'id_curr',
  5 => 'admin_avatar',
  6 => 'code',
  7 => 'msg',
  8 => 'data',
  9 => 'url',
  10 => 'wait',
) ]
[ info ] [ BEHAVIOR ] Run app\admin\behavior\Cron @app_end [ RunTime:0.002600s ]
[ info ] [ LOG ] INIT File
[ sql ] [ DB ] CONNECT:[ UseTime:0.011680s ] mysql:host=127.0.0.1;port=3306;dbname=ublcrm;charset=utf8
[ sql ] [ SQL ] SHOW COLUMNS FROM `ubl_auth_rule` [ RunTime:0.002809s ]
[ sql ] [ SQL ] SELECT `id` FROM `ubl_auth_rule` WHERE  `name` = 'admin/BasicInformation/id' ORDER BY `level` DESC,`sort` LIMIT 1 [ RunTime:0.000911s ]
[ sql ] [ SQL ] SELECT `id` FROM `ubl_auth_rule` WHERE  `name` = 'admin/BasicInformation/id' ORDER BY `level` DESC,`sort` LIMIT 1 [ RunTime:0.000474s ]
[ sql ] [ SQL ] SELECT `id` FROM `ubl_auth_rule` WHERE  `name` = 'admin/BasicInformation/id'  AND `status` = 1 ORDER BY `level` DESC,`sort` LIMIT 1 [ RunTime:0.000621s ]
[ sql ] [ SQL ] SELECT `id` FROM `ubl_auth_rule` WHERE  `name` = 'admin/BasicInformation/id'  AND `status` = 1 ORDER BY `level` DESC,`sort` LIMIT 1 [ RunTime:0.000472s ]
[ sql ] [ SQL ] SELECT `pid` FROM `ubl_auth_rule` WHERE  `id` = 0 LIMIT 1 [ RunTime:0.000414s ]
[ sql ] [ SQL ] SELECT * FROM `ubl_auth_rule` WHERE  `status` = 1  AND `pid` IS NULL ORDER BY `sort` [ RunTime:0.000432s ]
---------------------------------------------------------------
[ 2020-04-21T16:19:09+08:00 ] 192.168.1.105 GET 192.168.1.165/admin/basic_information/index.html
[运行时间：0.070836s] [吞吐率：14.12req/s] [内存消耗：5,660.34kb] [文件加载：82]
[ info ] [ LANG ] D:\phpstudy\WWW\ublcrm_zmyz\thinkphp\lang\zh-cn.php
[ info ] [ LANG ] D:\phpstudy\WWW\ublcrm_zmyz/app/lang\zh-cn.php
[ info ] [ ROUTE ] array (
  'type' => 'module',
  'module' => 
  array (
    0 => 'admin',
    1 => 'basic_information',
    2 => 'index',
  ),
)
[ info ] [ HEADER ] array (
  'cookie' => 'thinkphp_show_page_trace=0|0; PHPSESSID=5tvem600e9vn8vqhpqkljqutf1; aid=1; signin_token=2090919a27e483c59287fd8055a6662520c120a3; yf_logged_user=9gFBiyq8MD%3DrPgqnk; thinkphp_show_page_trace=0|0',
  'connection' => 'close',
  'host' => '192.168.1.165',
  'accept-encoding' => 'gzip, deflate',
  'user-agent' => 'Mozilla/5.0 (Windows NT 10.0; Win64; x64) AppleWebKit/537.36 (KHTML, like Gecko) Chrome/70.0.3538.102 Safari/537.36 Edge/18.18362',
  'upgrade-insecure-requests' => '1',
  'accept-language' => 'zh-Hans-CN,zh-Hans;q=0.5',
  'accept' => 'text/html,application/xhtml+xml,application/xml;q=0.9,*/*;q=0.8',
  'referer' => 'http://192.168.1.165/',
)
[ info ] [ PARAM ] array (
)
[ info ] [ BEHAVIOR ] Run app\common\behavior\WebLog @module_init [ RunTime:0.000308s ]
[ info ] [ DB ] INIT mysql
[ info ] [ SESSION ] INIT array (
  'id' => '',
  'var_session_id' => '',
  'prefix' => 'think',
  'type' => '',
  'auto_start' => true,
)
[ info ] [ CACHE ] INIT File
[ info ] [ BEHAVIOR ] Run Closure @action_begin [ RunTime:0.001704s ]
[ info ] [ RUN ] app\admin\controller\BasicInformation->index[ D:\phpstudy\WWW\ublcrm_zmyz\app\admin\controller\BasicInformation.php ]
[ info ] [ VIEW ] D:\phpstudy\WWW\ublcrm_zmyz/app/admin\view\basic_information\index.html [ array (
  0 => 'lang',
  1 => 'menus',
  2 => 'menus_curr',
  3 => 'menus_child',
  4 => 'id_curr',
  5 => 'admin_avatar',
  6 => 'domain',
  7 => 'group_id',
  8 => 'opentype_check',
  9 => 'data',
  10 => 'page',
  11 => 'search_name',
) ]
[ info ] [ BEHAVIOR ] Run app\admin\behavior\Cron @app_end [ RunTime:0.001546s ]
[ info ] [ LOG ] INIT File
[ sql ] [ DB ] CONNECT:[ UseTime:0.010213s ] mysql:host=127.0.0.1;port=3306;dbname=ublcrm;charset=utf8
[ sql ] [ SQL ] SHOW COLUMNS FROM `ubl_auth_rule` [ RunTime:0.002726s ]
[ sql ] [ SQL ] SELECT `id` FROM `ubl_auth_rule` WHERE  `name` = 'admin/BasicInformation/index' ORDER BY `level` DESC,`sort` LIMIT 1 [ RunTime:0.000843s ]
[ sql ] [ SQL ] SELECT `id`,`pid` FROM `ubl_auth_rule` ORDER BY `level` DESC,`sort` [ RunTime:0.000851s ]
[ sql ] [ SQL ] SELECT `id` FROM `ubl_auth_rule` WHERE  `name` = 'admin/BasicInformation/index'  AND `status` = 1 ORDER BY `level` DESC,`sort` LIMIT 1 [ RunTime:0.000579s ]
[ sql ] [ SQL ] SELECT `pid` FROM `ubl_auth_rule` WHERE  `id` = 328 LIMIT 1 [ RunTime:0.000408s ]
[ sql ] [ SQL ] SELECT * FROM `ubl_auth_rule` WHERE  `status` = 1  AND `pid` = 327 ORDER BY `sort` [ RunTime:0.000529s ]
[ sql ] [ SQL ] SHOW COLUMNS FROM `ubl_auth_group_access` [ RunTime:0.001016s ]
[ sql ] [ SQL ] SELECT * FROM `ubl_auth_group_access` WHERE  `uid` = 1 LIMIT 1 [ RunTime:0.000719s ]
[ sql ] [ SQL ] SHOW COLUMNS FROM `ubl_basic_information` [ RunTime:0.000933s ]
[ sql ] [ SQL ] SELECT COUNT(*) AS tp_count FROM `ubl_basic_information` LIMIT 1 [ RunTime:0.000591s ]
[ sql ] [ SQL ] SELECT * FROM `ubl_basic_information` ORDER BY `id` DESC LIMIT 0,10 [ RunTime:0.000663s ]
---------------------------------------------------------------
[ 2020-04-21T16:19:12+08:00 ] 192.168.1.105 GET 192.168.1.165/admin/basic_information//id/4.html
[运行时间：0.058347s] [吞吐率：17.14req/s] [内存消耗：5,379.17kb] [文件加载：78]
[ info ] [ LANG ] D:\phpstudy\WWW\ublcrm_zmyz\thinkphp\lang\zh-cn.php
[ info ] [ LANG ] D:\phpstudy\WWW\ublcrm_zmyz/app/lang\zh-cn.php
[ info ] [ ROUTE ] array (
  'type' => 'module',
  'module' => 
  array (
    0 => 'admin',
    1 => 'basic_information',
    2 => 'id',
  ),
)
[ info ] [ HEADER ] array (
  'cookie' => 'thinkphp_show_page_trace=0|0; thinkphp_show_page_trace=0|0; PHPSESSID=5tvem600e9vn8vqhpqkljqutf1; aid=1; signin_token=2090919a27e483c59287fd8055a6662520c120a3; yf_logged_user=9gFBiyq8MD%3DrPgqnk; thinkphp_show_page_trace=0|0',
  'connection' => 'close',
  'host' => '192.168.1.165',
  'accept-encoding' => 'gzip, deflate',
  'user-agent' => 'Mozilla/5.0 (Windows NT 10.0; Win64; x64) AppleWebKit/537.36 (KHTML, like Gecko) Chrome/70.0.3538.102 Safari/537.36 Edge/18.18362',
  'upgrade-insecure-requests' => '1',
  'accept-language' => 'zh-Hans-CN,zh-Hans;q=0.5',
  'accept' => 'text/html,application/xhtml+xml,application/xml;q=0.9,*/*;q=0.8',
  'referer' => 'http://192.168.1.165/admin/basic_information/index.html',
)
[ info ] [ PARAM ] array (
)
[ info ] [ BEHAVIOR ] Run app\common\behavior\WebLog @module_init [ RunTime:0.000304s ]
[ info ] [ DB ] INIT mysql
[ info ] [ SESSION ] INIT array (
  'id' => '',
  'var_session_id' => '',
  'prefix' => 'think',
  'type' => '',
  'auto_start' => true,
)
[ info ] [ CACHE ] INIT File
[ info ] [ BEHAVIOR ] Run Closure @action_begin [ RunTime:0.001662s ]
[ info ] [ RUN ] app\common\controller\Common->_empty[ D:\phpstudy\WWW\ublcrm_zmyz\app\common\controller\Common.php ]
[ info ] [ VIEW ] D:\phpstudy\WWW\ublcrm_zmyz\thinkphp\tpl\dispatch_jump.tpl [ array (
  0 => 'lang',
  1 => 'menus',
  2 => 'menus_curr',
  3 => 'menus_child',
  4 => 'id_curr',
  5 => 'admin_avatar',
  6 => 'code',
  7 => 'msg',
  8 => 'data',
  9 => 'url',
  10 => 'wait',
) ]
[ info ] [ BEHAVIOR ] Run app\admin\behavior\Cron @app_end [ RunTime:0.001723s ]
[ info ] [ LOG ] INIT File
[ sql ] [ DB ] CONNECT:[ UseTime:0.010622s ] mysql:host=127.0.0.1;port=3306;dbname=ublcrm;charset=utf8
[ sql ] [ SQL ] SHOW COLUMNS FROM `ubl_auth_rule` [ RunTime:0.003460s ]
[ sql ] [ SQL ] SELECT `id` FROM `ubl_auth_rule` WHERE  `name` = 'admin/BasicInformation/id' ORDER BY `level` DESC,`sort` LIMIT 1 [ RunTime:0.000667s ]
[ sql ] [ SQL ] SELECT `id` FROM `ubl_auth_rule` WHERE  `name` = 'admin/BasicInformation/id' ORDER BY `level` DESC,`sort` LIMIT 1 [ RunTime:0.000506s ]
[ sql ] [ SQL ] SELECT `id` FROM `ubl_auth_rule` WHERE  `name` = 'admin/BasicInformation/id'  AND `status` = 1 ORDER BY `level` DESC,`sort` LIMIT 1 [ RunTime:0.000649s ]
[ sql ] [ SQL ] SELECT `id` FROM `ubl_auth_rule` WHERE  `name` = 'admin/BasicInformation/id'  AND `status` = 1 ORDER BY `level` DESC,`sort` LIMIT 1 [ RunTime:0.000594s ]
[ sql ] [ SQL ] SELECT `pid` FROM `ubl_auth_rule` WHERE  `id` = 0 LIMIT 1 [ RunTime:0.000410s ]
[ sql ] [ SQL ] SELECT * FROM `ubl_auth_rule` WHERE  `status` = 1  AND `pid` IS NULL ORDER BY `sort` [ RunTime:0.000479s ]
---------------------------------------------------------------
[ 2020-04-21T16:19:14+08:00 ] 192.168.1.105 GET 192.168.1.165/admin/basic_information/index.html
[运行时间：0.078190s] [吞吐率：12.79req/s] [内存消耗：5,660.34kb] [文件加载：82]
[ info ] [ LANG ] D:\phpstudy\WWW\ublcrm_zmyz\thinkphp\lang\zh-cn.php
[ info ] [ LANG ] D:\phpstudy\WWW\ublcrm_zmyz/app/lang\zh-cn.php
[ info ] [ ROUTE ] array (
  'type' => 'module',
  'module' => 
  array (
    0 => 'admin',
    1 => 'basic_information',
    2 => 'index',
  ),
)
[ info ] [ HEADER ] array (
  'cookie' => 'thinkphp_show_page_trace=0|0; PHPSESSID=5tvem600e9vn8vqhpqkljqutf1; aid=1; signin_token=2090919a27e483c59287fd8055a6662520c120a3; yf_logged_user=9gFBiyq8MD%3DrPgqnk; thinkphp_show_page_trace=0|0',
  'connection' => 'close',
  'host' => '192.168.1.165',
  'accept-encoding' => 'gzip, deflate',
  'user-agent' => 'Mozilla/5.0 (Windows NT 10.0; Win64; x64) AppleWebKit/537.36 (KHTML, like Gecko) Chrome/70.0.3538.102 Safari/537.36 Edge/18.18362',
  'upgrade-insecure-requests' => '1',
  'accept-language' => 'zh-Hans-CN,zh-Hans;q=0.5',
  'accept' => 'text/html,application/xhtml+xml,application/xml;q=0.9,*/*;q=0.8',
  'referer' => 'http://192.168.1.165/',
)
[ info ] [ PARAM ] array (
)
[ info ] [ BEHAVIOR ] Run app\common\behavior\WebLog @module_init [ RunTime:0.000356s ]
[ info ] [ DB ] INIT mysql
[ info ] [ SESSION ] INIT array (
  'id' => '',
  'var_session_id' => '',
  'prefix' => 'think',
  'type' => '',
  'auto_start' => true,
)
[ info ] [ CACHE ] INIT File
[ info ] [ BEHAVIOR ] Run Closure @action_begin [ RunTime:0.002425s ]
[ info ] [ RUN ] app\admin\controller\BasicInformation->index[ D:\phpstudy\WWW\ublcrm_zmyz\app\admin\controller\BasicInformation.php ]
[ info ] [ VIEW ] D:\phpstudy\WWW\ublcrm_zmyz/app/admin\view\basic_information\index.html [ array (
  0 => 'lang',
  1 => 'menus',
  2 => 'menus_curr',
  3 => 'menus_child',
  4 => 'id_curr',
  5 => 'admin_avatar',
  6 => 'domain',
  7 => 'group_id',
  8 => 'opentype_check',
  9 => 'data',
  10 => 'page',
  11 => 'search_name',
) ]
[ info ] [ BEHAVIOR ] Run app\admin\behavior\Cron @app_end [ RunTime:0.001686s ]
[ info ] [ LOG ] INIT File
[ sql ] [ DB ] CONNECT:[ UseTime:0.001593s ] mysql:host=127.0.0.1;port=3306;dbname=ublcrm;charset=utf8
[ sql ] [ SQL ] SHOW COLUMNS FROM `ubl_auth_rule` [ RunTime:0.001432s ]
[ sql ] [ SQL ] SELECT `id` FROM `ubl_auth_rule` WHERE  `name` = 'admin/BasicInformation/index' ORDER BY `level` DESC,`sort` LIMIT 1 [ RunTime:0.000432s ]
[ sql ] [ SQL ] SELECT `id`,`pid` FROM `ubl_auth_rule` ORDER BY `level` DESC,`sort` [ RunTime:0.000846s ]
[ sql ] [ SQL ] SELECT `id` FROM `ubl_auth_rule` WHERE  `name` = 'admin/BasicInformation/index'  AND `status` = 1 ORDER BY `level` DESC,`sort` LIMIT 1 [ RunTime:0.000458s ]
[ sql ] [ SQL ] SELECT `pid` FROM `ubl_auth_rule` WHERE  `id` = 328 LIMIT 1 [ RunTime:0.000252s ]
[ sql ] [ SQL ] SELECT * FROM `ubl_auth_rule` WHERE  `status` = 1  AND `pid` = 327 ORDER BY `sort` [ RunTime:0.000418s ]
[ sql ] [ SQL ] SHOW COLUMNS FROM `ubl_auth_group_access` [ RunTime:0.002541s ]
[ sql ] [ SQL ] SELECT * FROM `ubl_auth_group_access` WHERE  `uid` = 1 LIMIT 1 [ RunTime:0.000477s ]
[ sql ] [ SQL ] SHOW COLUMNS FROM `ubl_basic_information` [ RunTime:0.002562s ]
[ sql ] [ SQL ] SELECT COUNT(*) AS tp_count FROM `ubl_basic_information` LIMIT 1 [ RunTime:0.000280s ]
[ sql ] [ SQL ] SELECT * FROM `ubl_basic_information` ORDER BY `id` DESC LIMIT 0,10 [ RunTime:0.000356s ]
---------------------------------------------------------------
[ 2020-04-21T20:00:22+08:00 ] 127.0.0.1 GET biz4.sandai.net/ad/thunder8/show/newadtask.xml
[运行时间：0.075968s] [吞吐率：13.16req/s] [内存消耗：2,347.34kb] [文件加载：53]
[ info ] [ LANG ] D:\phpstudy\WWW\ublcrm_zmyz\thinkphp\lang\zh-cn.php
[ info ] [ LANG ] D:\phpstudy\WWW\ublcrm_zmyz/app/lang\zh-cn.php
[ info ] [ ROUTE ] array (
  'type' => 'module',
  'module' => 
  array (
    0 => 'ad',
    1 => 'thunder8',
    2 => 'show',
  ),
)
[ info ] [ HEADER ] array (
  'connection' => 'close',
  'host' => 'biz4.sandai.net',
)
[ info ] [ PARAM ] array (
)
[ info ] [ LOG ] INIT File
